2025-10-15 09:38:34,285 - main - INFO - Initialized Intersection 1 (ID: intersection_1)
2025-10-15 09:38:34,285 - main - INFO - Initialized Intersection 2 (ID: intersection_2)
2025-10-15 09:38:34,285 - main - INFO - SmartTrafficController initialized with 2 intersections
2025-10-15 09:38:34,288 - main - INFO - Initialized Intersection 1 (ID: intersection_1)
2025-10-15 09:38:34,288 - main - INFO - Initialized Intersection 2 (ID: intersection_2)
2025-10-15 09:38:34,288 - main - INFO - SmartTrafficController initialized with 2 intersections
2025-10-15 09:38:34,288 - main - INFO - Initialized Intersection 1 (ID: intersection_1)
2025-10-15 09:38:34,288 - main - INFO - Initialized Intersection 2 (ID: intersection_2)
2025-10-15 09:38:34,294 - main - INFO - SmartTrafficController initialized with 2 intersections
2025-10-15 09:38:34,295 - main - INFO - Initialized Intersection 1 (ID: intersection_1)
2025-10-15 09:38:34,295 - main - INFO - Initialized Intersection 2 (ID: intersection_2)
2025-10-15 09:38:34,295 - main - INFO - SmartTrafficController initialized with 2 intersections
2025-10-15 09:38:34,299 - main - INFO - Initialized Intersection 1 (ID: intersection_1)
2025-10-15 09:38:34,299 - main - INFO - Initialized Intersection 2 (ID: intersection_2)
2025-10-15 09:38:34,299 - main - INFO - Initialized Intersection 3 (ID: intersection_3)
2025-10-15 09:38:34,299 - main - INFO - Initialized Intersection 4 (ID: intersection_4)
2025-10-15 09:38:34,299 - main - INFO - Initialized Intersection 5 (ID: intersection_5)
2025-10-15 09:38:34,299 - main - INFO - SmartTrafficController initialized with 5 intersections
2025-10-15 09:39:14,431 - main - INFO - Initialized Intersection 1 (ID: intersection_1)
2025-10-15 09:39:14,432 - main - INFO - Initialized Intersection 2 (ID: intersection_2)
2025-10-15 09:39:14,432 - main - INFO - SmartTrafficController initialized with 2 intersections
2025-10-15 09:39:14,433 - main - INFO - Initialized Intersection 1 (ID: intersection_1)
2025-10-15 09:39:14,434 - main - INFO - Initialized Intersection 2 (ID: intersection_2)
2025-10-15 09:39:14,434 - main - INFO - SmartTrafficController initialized with 2 intersections
2025-10-15 09:39:14,434 - main - INFO - Initialized Intersection 1 (ID: intersection_1)
2025-10-15 09:39:14,434 - main - INFO - Initialized Intersection 2 (ID: intersection_2)
2025-10-15 09:39:14,434 - main - INFO - SmartTrafficController initialized with 2 intersections
2025-10-15 09:39:14,434 - main - INFO - Initialized Intersection 1 (ID: intersection_1)
2025-10-15 09:39:14,434 - main - INFO - Initialized Intersection 2 (ID: intersection_2)
2025-10-15 09:39:14,434 - main - INFO - SmartTrafficController initialized with 2 intersections
2025-10-15 09:39:14,435 - main - INFO - Initialized Intersection 1 (ID: intersection_1)
2025-10-15 09:39:14,435 - main - INFO - Initialized Intersection 2 (ID: intersection_2)
2025-10-15 09:39:14,435 - main - INFO - Initialized Intersection 3 (ID: intersection_3)
2025-10-15 09:39:14,435 - main - INFO - Initialized Intersection 4 (ID: intersection_4)
2025-10-15 09:39:14,435 - main - INFO - Initialized Intersection 5 (ID: intersection_5)
2025-10-15 09:39:14,435 - main - INFO - SmartTrafficController initialized with 5 intersections
2025-10-15 09:39:28,483 - main - INFO - Initialized Intersection 1 (ID: intersection_1)
2025-10-15 09:39:28,484 - main - INFO - Initialized Intersection 2 (ID: intersection_2)
2025-10-15 09:39:28,484 - main - INFO - SmartTrafficController initialized with 2 intersections
2025-10-15 09:39:28,484 - main - INFO - Initialized Intersection 1 (ID: intersection_1)
2025-10-15 09:39:28,484 - main - INFO - Initialized Intersection 2 (ID: intersection_2)
2025-10-15 09:39:28,485 - main - INFO - SmartTrafficController initialized with 2 intersections
2025-10-15 09:39:28,485 - main - INFO - Initialized Intersection 1 (ID: intersection_1)
2025-10-15 09:39:28,485 - main - INFO - Initialized Intersection 2 (ID: intersection_2)
2025-10-15 09:39:28,485 - main - INFO - SmartTrafficController initialized with 2 intersections
2025-10-15 09:39:28,485 - main - INFO - Initialized Intersection 1 (ID: intersection_1)
2025-10-15 09:39:28,485 - main - INFO - Initialized Intersection 2 (ID: intersection_2)
2025-10-15 09:39:28,485 - main - INFO - SmartTrafficController initialized with 2 intersections
2025-10-15 09:39:28,486 - main - INFO - Initialized Intersection 1 (ID: intersection_1)
2025-10-15 09:39:28,486 - main - INFO - Initialized Intersection 2 (ID: intersection_2)
2025-10-15 09:39:28,486 - main - INFO - Initialized Intersection 3 (ID: intersection_3)
2025-10-15 09:39:28,486 - main - INFO - Initialized Intersection 4 (ID: intersection_4)
2025-10-15 09:39:28,486 - main - INFO - Initialized Intersection 5 (ID: intersection_5)
2025-10-15 09:39:28,486 - main - INFO - SmartTrafficController initialized with 5 intersections
2025-10-15 11:05:05,419 - __main__ - INFO - Initialized Intersection 1 (ID: intersection_1)
2025-10-15 11:05:05,419 - __main__ - INFO - Initialized Intersection 2 (ID: intersection_2)
2025-10-15 11:05:05,420 - __main__ - INFO - Initialized Intersection 3 (ID: intersection_3)
2025-10-15 11:05:05,420 - __main__ - INFO - SmartTrafficController initialized with 3 intersections
2025-10-15 11:05:05,420 - __main__ - INFO - Starting Smart Traffic Controller for 3 intersections...
2025-10-15 11:05:05,421 - __main__ - INFO - Signal Change: Intersection 1: Yellow for 3s (Transition to Green)
2025-10-15 11:05:05,421 - __main__ - INFO - Signal Change: Intersection 2: Red for 5s (Lower priority (score: 0.0))
2025-10-15 11:05:05,425 - __main__ - INFO - Signal Change: Intersection 3: Red for 5s (Lower priority (score: 0.0))
2025-10-15 11:05:05,426 - __main__ - INFO - System started successfully!
2025-10-15 11:05:10,427 - __main__ - INFO - Signal Change: Intersection 1: Green for 25s (Priority intersection (score: 0.0))
2025-10-15 11:05:10,427 - __main__ - INFO - Signal Change: Intersection 2: Red for 7s (Lower priority (score: 0.0))
2025-10-15 11:05:10,427 - __main__ - INFO - Signal Change: Intersection 3: Red for 7s (Lower priority (score: 0.0))
2025-10-15 11:05:12,909 - __main__ - INFO - Initialized Intersection 1 (ID: intersection_1)
2025-10-15 11:05:12,909 - __main__ - INFO - Initialized Intersection 2 (ID: intersection_2)
2025-10-15 11:05:12,909 - __main__ - INFO - Initialized Intersection 3 (ID: intersection_3)
2025-10-15 11:05:12,909 - __main__ - INFO - SmartTrafficController initialized with 3 intersections
2025-10-15 11:05:12,909 - __main__ - INFO - Starting Smart Traffic Controller for 3 intersections...
2025-10-15 11:05:12,910 - __main__ - INFO - Signal Change: Intersection 1: Yellow for 3s (Transition to Green)
2025-10-15 11:05:12,911 - __main__ - INFO - Signal Change: Intersection 2: Red for 5s (Lower priority (score: 0.0))
2025-10-15 11:05:12,912 - __main__ - INFO - Signal Change: Intersection 3: Red for 5s (Lower priority (score: 0.0))
2025-10-15 11:05:12,914 - __main__ - INFO - System started successfully!
2025-10-15 11:05:15,427 - __main__ - INFO - Signal Change: Intersection 1: Yellow for 3s (Transition to Red)
2025-10-15 11:05:15,428 - __main__ - INFO - Signal Change: Intersection 2: Yellow for 3s (Transition to Green)
2025-10-15 11:05:15,428 - __main__ - INFO - Signal Change: Intersection 3: Red for 7s (Lower priority (score: 0.0))
2025-10-15 11:05:17,913 - __main__ - INFO - Signal Change: Intersection 1: Green for 25s (Priority intersection (score: 0.1))
2025-10-15 11:05:17,913 - __main__ - INFO - Signal Change: Intersection 2: Red for 15s (Lower priority (score: 0.1))
2025-10-15 11:05:17,913 - __main__ - INFO - Signal Change: Intersection 3: Red for 15s (Lower priority (score: 0.1))
2025-10-15 11:05:20,429 - __main__ - INFO - Signal Change: Intersection 1: Red for 5s (Lower priority (score: 0.0))
2025-10-15 11:05:20,429 - __main__ - INFO - Signal Change: Intersection 2: Green for 25s (Priority intersection (score: 0.1))
2025-10-15 11:05:20,429 - __main__ - INFO - Signal Change: Intersection 3: Red for 11s (Lower priority (score: 0.1))
2025-10-15 11:05:22,914 - __main__ - INFO - Signal Change: Intersection 1: Yellow for 3s (Transition to Red)
2025-10-15 11:05:22,914 - __main__ - INFO - Signal Change: Intersection 2: Yellow for 3s (Transition to Green)
2025-10-15 11:05:22,914 - __main__ - INFO - Signal Change: Intersection 3: Red for 37s (Lower priority (score: 2.5))
2025-10-15 11:05:25,429 - __main__ - INFO - Signal Change: Intersection 1: Yellow for 3s (Transition to Green)
2025-10-15 11:05:25,430 - __main__ - INFO - Signal Change: Intersection 2: Yellow for 3s (Transition to Red)
2025-10-15 11:05:25,430 - __main__ - INFO - Signal Change: Intersection 3: Red for 11s (Lower priority (score: 0.1))
2025-10-15 11:05:27,915 - __main__ - INFO - Signal Change: Intersection 1: Red for 45s (Lower priority (score: 2.0))
2025-10-15 11:05:27,916 - __main__ - INFO - Signal Change: Intersection 2: Green for 40s (Priority intersection (score: 2.8))
2025-10-15 11:05:27,916 - __main__ - INFO - Signal Change: Intersection 3: Red for 45s (Lower priority (score: 2.8))
2025-10-15 11:05:30,431 - __main__ - INFO - Signal Change: Intersection 1: Green for 90s (Emergency vehicle priority)
2025-10-15 11:05:30,431 - __main__ - INFO - Signal Change: Intersection 2: Red for 11s (Lower priority (score: 0.1))
2025-10-15 11:05:30,434 - __main__ - INFO - Signal Change: Intersection 3: Red for 7s (Lower priority (score: 0.0))
2025-10-15 11:05:32,917 - __main__ - INFO - Signal Change: Intersection 1: Red for 31s (Lower priority (score: 0.3))
2025-10-15 11:05:32,917 - __main__ - INFO - Signal Change: Intersection 2: Yellow for 3s (Transition to Red)
2025-10-15 11:05:32,917 - __main__ - INFO - Signal Change: Intersection 3: Yellow for 3s (Transition to Green)
2025-10-15 11:05:35,435 - __main__ - INFO - Signal Change: Intersection 1: Green for 90s (Emergency vehicle priority)
2025-10-15 11:05:35,435 - __main__ - INFO - Signal Change: Intersection 2: Red for 7s (Lower priority (score: 0.0))
2025-10-15 11:05:35,435 - __main__ - INFO - Signal Change: Intersection 3: Red for 7s (Lower priority (score: 0.0))
2025-10-15 11:05:37,918 - __main__ - INFO - Signal Change: Intersection 1: Red for 45s (Lower priority (score: 2.0))
2025-10-15 11:05:37,918 - __main__ - INFO - Signal Change: Intersection 2: Red for 45s (Lower priority (score: 1.9))
2025-10-15 11:05:37,919 - __main__ - INFO - Signal Change: Intersection 3: Green for 40s (Priority intersection (score: 2.7))
2025-10-15 11:05:40,436 - __main__ - INFO - Signal Change: Intersection 1: Yellow for 3s (Transition to Red)
2025-10-15 11:05:40,436 - __main__ - INFO - Signal Change: Intersection 2: Red for 5s (Lower priority (score: 0.0))
2025-10-15 11:05:40,436 - __main__ - INFO - Signal Change: Intersection 3: Yellow for 3s (Transition to Green)
2025-10-15 11:05:42,919 - __main__ - INFO - Signal Change: Intersection 1: Yellow for 3s (Transition to Green)
2025-10-15 11:05:42,919 - __main__ - INFO - Signal Change: Intersection 2: Red for 35s (Lower priority (score: 1.7))
2025-10-15 11:05:42,920 - __main__ - INFO - Signal Change: Intersection 3: Yellow for 3s (Transition to Red)
2025-10-15 11:05:45,437 - __main__ - INFO - Signal Change: Intersection 1: Red for 7s (Lower priority (score: 0.0))
2025-10-15 11:05:45,437 - __main__ - INFO - Signal Change: Intersection 2: Red for 7s (Lower priority (score: 0.0))
2025-10-15 11:05:45,437 - __main__ - INFO - Signal Change: Intersection 3: Green for 25s (Priority intersection (score: 0.0))
2025-10-15 11:05:47,920 - __main__ - INFO - Signal Change: Intersection 1: Red for 45s (Lower priority (score: 0.8))
2025-10-15 11:05:47,920 - __main__ - INFO - Signal Change: Intersection 2: Yellow for 3s (Transition to Green)
2025-10-15 11:05:47,921 - __main__ - INFO - Signal Change: Intersection 3: Red for 45s (Lower priority (score: 1.9))
2025-10-15 11:05:50,438 - __main__ - INFO - Signal Change: Intersection 1: Red for 7s (Lower priority (score: 0.0))
2025-10-15 11:05:50,438 - __main__ - INFO - Signal Change: Intersection 2: Yellow for 3s (Transition to Green)
2025-10-15 11:05:50,438 - __main__ - INFO - Signal Change: Intersection 3: Yellow for 3s (Transition to Red)
2025-10-15 11:05:52,921 - __main__ - INFO - Signal Change: Intersection 1: Red for 29s (Lower priority (score: 0.1))
2025-10-15 11:05:52,921 - __main__ - INFO - Signal Change: Intersection 2: Red for 29s (Lower priority (score: 0.1))
2025-10-15 11:05:52,921 - __main__ - INFO - Signal Change: Intersection 3: Yellow for 3s (Transition to Green)
2025-10-15 11:05:55,439 - __main__ - INFO - Signal Change: Intersection 1: Red for 11s (Lower priority (score: 0.0))
2025-10-15 11:05:55,439 - __main__ - INFO - Signal Change: Intersection 2: Red for 15s (Lower priority (score: 0.0))
2025-10-15 11:05:55,439 - __main__ - INFO - Signal Change: Intersection 3: Green for 25s (Priority intersection (score: 0.1))
2025-10-15 11:05:57,922 - __main__ - INFO - Signal Change: Intersection 1: Yellow for 3s (Transition to Green)
2025-10-15 11:05:57,923 - __main__ - INFO - Signal Change: Intersection 2: Red for 45s (Lower priority (score: 0.9))
2025-10-15 11:05:57,923 - __main__ - INFO - Signal Change: Intersection 3: Red for 45s (Lower priority (score: 0.9))
2025-10-15 11:06:00,440 - __main__ - INFO - Signal Change: Intersection 1: Yellow for 3s (Transition to Green)
2025-10-15 11:06:00,440 - __main__ - INFO - Signal Change: Intersection 2: Red for 11s (Lower priority (score: 0.0))
2025-10-15 11:06:00,440 - __main__ - INFO - Signal Change: Intersection 3: Yellow for 3s (Transition to Red)
2025-10-15 11:06:02,923 - __main__ - INFO - Signal Change: Intersection 1: Green for 25s (Priority intersection (score: 0.1))
2025-10-15 11:06:02,924 - __main__ - INFO - Signal Change: Intersection 2: Red for 33s (Lower priority (score: 0.1))
2025-10-15 11:06:02,924 - __main__ - INFO - Signal Change: Intersection 3: Red for 33s (Lower priority (score: 0.1))
2025-10-15 11:06:05,441 - __main__ - INFO - Signal Change: Intersection 1: Green for 25s (Priority intersection (score: 0.0))
2025-10-15 11:06:05,441 - __main__ - INFO - Signal Change: Intersection 2: Red for 11s (Lower priority (score: 0.0))
2025-10-15 11:06:05,441 - __main__ - INFO - Signal Change: Intersection 3: Red for 11s (Lower priority (score: 0.0))
2025-10-15 11:06:07,924 - __main__ - INFO - Signal Change: Intersection 1: Green for 40s (Priority intersection (score: 0.8))
2025-10-15 11:06:07,924 - __main__ - INFO - Signal Change: Intersection 2: Red for 45s (Lower priority (score: 0.8))
2025-10-15 11:06:07,925 - __main__ - INFO - Signal Change: Intersection 3: Red for 45s (Lower priority (score: 0.8))
2025-10-15 11:06:10,442 - __main__ - INFO - Signal Change: Intersection 1: Green for 25s (Priority intersection (score: 0.0))
2025-10-15 11:06:10,442 - __main__ - INFO - Signal Change: Intersection 2: Red for 7s (Lower priority (score: 0.0))
2025-10-15 11:06:10,442 - __main__ - INFO - Signal Change: Intersection 3: Red for 7s (Lower priority (score: 0.0))
2025-10-15 11:06:12,925 - __main__ - INFO - Signal Change: Intersection 1: Green for 40s (Priority intersection (score: 0.7))
2025-10-15 11:06:12,926 - __main__ - INFO - Signal Change: Intersection 2: Red for 37s (Lower priority (score: 0.7))
2025-10-15 11:06:12,926 - __main__ - INFO - Signal Change: Intersection 3: Red for 37s (Lower priority (score: 0.7))
2025-10-15 11:06:15,443 - __main__ - INFO - Signal Change: Intersection 1: Green for 25s (Priority intersection (score: 0.0))
2025-10-15 11:06:15,444 - __main__ - INFO - Signal Change: Intersection 2: Red for 7s (Lower priority (score: 0.0))
2025-10-15 11:06:15,444 - __main__ - INFO - Signal Change: Intersection 3: Red for 7s (Lower priority (score: 0.0))
2025-10-15 11:06:17,926 - __main__ - INFO - Signal Change: Intersection 1: Yellow for 3s (Transition to Red)
2025-10-15 11:06:17,927 - __main__ - INFO - Signal Change: Intersection 2: Yellow for 3s (Transition to Green)
2025-10-15 11:06:17,927 - __main__ - INFO - Signal Change: Intersection 3: Red for 45s (Lower priority (score: 0.8))
2025-10-15 11:06:20,444 - __main__ - INFO - Signal Change: Intersection 1: Yellow for 3s (Transition to Red)
2025-10-15 11:06:20,444 - __main__ - INFO - Signal Change: Intersection 2: Yellow for 3s (Transition to Green)
2025-10-15 11:06:20,445 - __main__ - INFO - Signal Change: Intersection 3: Red for 7s (Lower priority (score: 0.0))
2025-10-15 11:06:22,927 - __main__ - INFO - Signal Change: Intersection 1: Red for 29s (Lower priority (score: 0.1))
2025-10-15 11:06:22,928 - __main__ - INFO - Signal Change: Intersection 2: Green for 25s (Priority intersection (score: 0.1))
2025-10-15 11:06:22,928 - __main__ - INFO - Signal Change: Intersection 3: Red for 31s (Lower priority (score: 0.1))
2025-10-15 11:06:25,445 - __main__ - INFO - Signal Change: Intersection 1: Red for 5s (Lower priority (score: 0.0))
2025-10-15 11:06:25,446 - __main__ - INFO - Signal Change: Intersection 2: Green for 90s (Emergency vehicle priority)
2025-10-15 11:06:25,446 - __main__ - INFO - Signal Change: Intersection 3: Red for 5s (Lower priority (score: 0.0))
2025-10-15 11:06:27,929 - __main__ - INFO - Signal Change: Intersection 1: Red for 45s (Lower priority (score: 0.9))
2025-10-15 11:06:27,929 - __main__ - INFO - Signal Change: Intersection 2: Yellow for 3s (Transition to Red)
2025-10-15 11:06:27,929 - __main__ - INFO - Signal Change: Intersection 3: Yellow for 3s (Transition to Green)
2025-10-15 11:06:30,448 - __main__ - INFO - Signal Change: Intersection 1: Red for 5s (Lower priority (score: 0.0))
2025-10-15 11:06:30,448 - __main__ - INFO - Signal Change: Intersection 2: Green for 90s (Emergency vehicle priority)
2025-10-15 11:06:30,448 - __main__ - INFO - Signal Change: Intersection 3: Red for 5s (Lower priority (score: 0.0))
2025-10-15 11:06:32,939 - __main__ - INFO - Signal Change: Intersection 1: Red for 33s (Lower priority (score: 0.1))
2025-10-15 11:06:32,940 - __main__ - INFO - Signal Change: Intersection 2: Green for 40s (Priority intersection (score: 0.7))
2025-10-15 11:06:32,941 - __main__ - INFO - Signal Change: Intersection 3: Red for 35s (Lower priority (score: 0.7))
2025-10-15 11:06:35,450 - __main__ - INFO - Signal Change: Intersection 1: Red for 5s (Lower priority (score: 0.0))
2025-10-15 11:06:35,450 - __main__ - INFO - Signal Change: Intersection 2: Green for 90s (Emergency vehicle priority)
2025-10-15 11:06:35,450 - __main__ - INFO - Signal Change: Intersection 3: Red for 5s (Lower priority (score: 0.0))
2025-10-15 11:06:37,942 - __main__ - INFO - Signal Change: Intersection 1: Red for 45s (Lower priority (score: 0.8))
2025-10-15 11:06:37,943 - __main__ - INFO - Signal Change: Intersection 2: Green for 40s (Priority intersection (score: 0.8))
2025-10-15 11:06:37,943 - __main__ - INFO - Signal Change: Intersection 3: Red for 45s (Lower priority (score: 0.8))
2025-10-15 11:06:40,451 - __main__ - INFO - Signal Change: Intersection 1: Red for 5s (Lower priority (score: 0.0))
2025-10-15 11:06:40,451 - __main__ - INFO - Signal Change: Intersection 2: Green for 90s (Emergency vehicle priority)
2025-10-15 11:06:40,451 - __main__ - INFO - Signal Change: Intersection 3: Red for 5s (Lower priority (score: 0.0))
2025-10-15 11:06:42,943 - __main__ - INFO - Signal Change: Intersection 1: Yellow for 3s (Transition to Green)
2025-10-15 11:06:42,944 - __main__ - INFO - Signal Change: Intersection 2: Yellow for 3s (Transition to Red)
2025-10-15 11:06:42,944 - __main__ - INFO - Signal Change: Intersection 3: Red for 29s (Lower priority (score: 0.1))
2025-10-15 11:06:45,454 - __main__ - INFO - Signal Change: Intersection 1: Red for 5s (Lower priority (score: 0.0))
2025-10-15 11:06:45,460 - __main__ - INFO - Signal Change: Intersection 2: Green for 90s (Emergency vehicle priority)
2025-10-15 11:06:45,460 - __main__ - INFO - Signal Change: Intersection 3: Red for 5s (Lower priority (score: 0.0))
2025-10-15 11:06:47,944 - __main__ - INFO - Signal Change: Intersection 1: Red for 45s (Lower priority (score: 0.8))
2025-10-15 11:06:47,944 - __main__ - INFO - Signal Change: Intersection 2: Green for 40s (Priority intersection (score: 0.9))
2025-10-15 11:06:47,944 - __main__ - INFO - Signal Change: Intersection 3: Red for 45s (Lower priority (score: 0.9))
2025-10-15 11:06:50,461 - __main__ - INFO - Signal Change: Intersection 1: Yellow for 3s (Transition to Green)
2025-10-15 11:06:50,462 - __main__ - INFO - Signal Change: Intersection 2: Yellow for 3s (Transition to Red)
2025-10-15 11:06:50,462 - __main__ - INFO - Signal Change: Intersection 3: Red for 5s (Lower priority (score: 0.0))
2025-10-15 11:06:52,945 - __main__ - INFO - Signal Change: Intersection 1: Red for 31s (Lower priority (score: 0.1))
2025-10-15 11:06:52,945 - __main__ - INFO - Signal Change: Intersection 2: Green for 25s (Priority intersection (score: 0.1))
2025-10-15 11:06:52,946 - __main__ - INFO - Signal Change: Intersection 3: Red for 31s (Lower priority (score: 0.1))
2025-10-15 11:06:55,463 - __main__ - INFO - Signal Change: Intersection 1: Green for 25s (Priority intersection (score: 0.0))
2025-10-15 11:06:55,463 - __main__ - INFO - Signal Change: Intersection 2: Red for 5s (Lower priority (score: 0.0))
2025-10-15 11:06:55,463 - __main__ - INFO - Signal Change: Intersection 3: Red for 5s (Lower priority (score: 0.0))
2025-10-15 11:06:57,947 - __main__ - INFO - Signal Change: Intersection 1: Yellow for 3s (Transition to Green)
2025-10-15 11:06:57,948 - __main__ - INFO - Signal Change: Intersection 2: Yellow for 3s (Transition to Red)
2025-10-15 11:06:57,948 - __main__ - INFO - Signal Change: Intersection 3: Red for 45s (Lower priority (score: 0.8))
2025-10-15 11:07:00,464 - __main__ - INFO - Signal Change: Intersection 1: Green for 25s (Priority intersection (score: 0.0))
2025-10-15 11:07:00,465 - __main__ - INFO - Signal Change: Intersection 2: Red for 5s (Lower priority (score: 0.0))
2025-10-15 11:07:00,465 - __main__ - INFO - Signal Change: Intersection 3: Red for 5s (Lower priority (score: 0.0))
2025-10-15 11:07:02,949 - __main__ - INFO - Signal Change: Intersection 1: Red for 35s (Lower priority (score: 0.7))
2025-10-15 11:07:02,949 - __main__ - INFO - Signal Change: Intersection 2: Green for 40s (Priority intersection (score: 0.7))
2025-10-15 11:07:02,949 - __main__ - INFO - Signal Change: Intersection 3: Red for 35s (Lower priority (score: 0.7))
2025-10-15 11:07:05,465 - __main__ - INFO - Signal Change: Intersection 1: Green for 25s (Priority intersection (score: 0.0))
2025-10-15 11:07:05,466 - __main__ - INFO - Signal Change: Intersection 2: Red for 5s (Lower priority (score: 0.0))
2025-10-15 11:07:05,466 - __main__ - INFO - Signal Change: Intersection 3: Red for 5s (Lower priority (score: 0.0))
2025-10-15 11:07:07,950 - __main__ - INFO - Signal Change: Intersection 1: Red for 45s (Lower priority (score: 0.8))
2025-10-15 11:07:07,950 - __main__ - INFO - Signal Change: Intersection 2: Green for 40s (Priority intersection (score: 0.8))
2025-10-15 11:07:07,950 - __main__ - INFO - Signal Change: Intersection 3: Red for 45s (Lower priority (score: 0.8))
2025-10-15 11:07:10,467 - __main__ - INFO - Signal Change: Intersection 1: Green for 25s (Priority intersection (score: 0.0))
2025-10-15 11:07:10,467 - __main__ - INFO - Signal Change: Intersection 2: Red for 5s (Lower priority (score: 0.0))
2025-10-15 11:07:10,468 - __main__ - INFO - Signal Change: Intersection 3: Red for 5s (Lower priority (score: 0.0))
2025-10-15 11:07:12,951 - __main__ - INFO - Signal Change: Intersection 1: Yellow for 3s (Transition to Green)
2025-10-15 11:07:12,951 - __main__ - INFO - Signal Change: Intersection 2: Yellow for 3s (Transition to Red)
2025-10-15 11:07:12,951 - __main__ - INFO - Signal Change: Intersection 3: Red for 29s (Lower priority (score: 0.1))
2025-10-15 11:07:15,469 - __main__ - INFO - Signal Change: Intersection 1: Green for 25s (Priority intersection (score: 0.0))
2025-10-15 11:07:15,470 - __main__ - INFO - Signal Change: Intersection 2: Red for 5s (Lower priority (score: 0.0))
2025-10-15 11:07:15,470 - __main__ - INFO - Signal Change: Intersection 3: Red for 5s (Lower priority (score: 0.0))
2025-10-15 11:07:17,952 - __main__ - INFO - Signal Change: Intersection 1: Red for 45s (Lower priority (score: 0.8))
2025-10-15 11:07:17,952 - __main__ - INFO - Signal Change: Intersection 2: Green for 40s (Priority intersection (score: 0.9))
2025-10-15 11:07:17,952 - __main__ - INFO - Signal Change: Intersection 3: Red for 45s (Lower priority (score: 0.9))
2025-10-15 11:07:20,471 - __main__ - INFO - Signal Change: Intersection 1: Green for 25s (Priority intersection (score: 0.0))
2025-10-15 11:07:20,471 - __main__ - INFO - Signal Change: Intersection 2: Red for 5s (Lower priority (score: 0.0))
2025-10-15 11:07:20,471 - __main__ - INFO - Signal Change: Intersection 3: Red for 5s (Lower priority (score: 0.0))
2025-10-15 11:07:22,953 - __main__ - INFO - Signal Change: Intersection 1: Red for 31s (Lower priority (score: 0.1))
2025-10-15 11:07:22,953 - __main__ - INFO - Signal Change: Intersection 2: Green for 25s (Priority intersection (score: 0.1))
2025-10-15 11:07:22,954 - __main__ - INFO - Signal Change: Intersection 3: Red for 33s (Lower priority (score: 0.1))
2025-10-15 11:07:25,472 - __main__ - INFO - Signal Change: Intersection 1: Green for 25s (Priority intersection (score: 0.0))
2025-10-15 11:07:25,472 - __main__ - INFO - Signal Change: Intersection 2: Red for 5s (Lower priority (score: 0.0))
2025-10-15 11:07:25,473 - __main__ - INFO - Signal Change: Intersection 3: Red for 5s (Lower priority (score: 0.0))
2025-10-15 11:07:27,954 - __main__ - INFO - Signal Change: Intersection 1: Yellow for 3s (Transition to Green)
2025-10-15 11:07:27,955 - __main__ - INFO - Signal Change: Intersection 2: Yellow for 3s (Transition to Red)
2025-10-15 11:07:27,955 - __main__ - INFO - Signal Change: Intersection 3: Red for 45s (Lower priority (score: 0.8))
2025-10-15 11:07:30,473 - __main__ - INFO - Signal Change: Intersection 1: Green for 25s (Priority intersection (score: 0.0))
2025-10-15 11:07:30,474 - __main__ - INFO - Signal Change: Intersection 2: Red for 5s (Lower priority (score: 0.0))
2025-10-15 11:07:30,474 - __main__ - INFO - Signal Change: Intersection 3: Red for 5s (Lower priority (score: 0.0))
2025-10-15 11:07:32,955 - __main__ - INFO - Signal Change: Intersection 1: Red for 35s (Lower priority (score: 0.7))
2025-10-15 11:07:32,956 - __main__ - INFO - Signal Change: Intersection 2: Green for 40s (Priority intersection (score: 0.7))
2025-10-15 11:07:32,956 - __main__ - INFO - Signal Change: Intersection 3: Red for 37s (Lower priority (score: 0.7))
2025-10-15 11:07:35,474 - __main__ - INFO - Signal Change: Intersection 1: Green for 25s (Priority intersection (score: 0.0))
2025-10-15 11:07:35,474 - __main__ - INFO - Signal Change: Intersection 2: Red for 5s (Lower priority (score: 0.0))
2025-10-15 11:07:35,475 - __main__ - INFO - Signal Change: Intersection 3: Red for 5s (Lower priority (score: 0.0))
2025-10-15 11:07:37,956 - __main__ - INFO - Signal Change: Intersection 1: Red for 45s (Lower priority (score: 0.8))
2025-10-15 11:07:37,957 - __main__ - INFO - Signal Change: Intersection 2: Green for 40s (Priority intersection (score: 0.8))
2025-10-15 11:07:37,957 - __main__ - INFO - Signal Change: Intersection 3: Red for 45s (Lower priority (score: 0.8))
2025-10-15 11:07:40,476 - __main__ - INFO - Signal Change: Intersection 1: Green for 25s (Priority intersection (score: 0.0))
2025-10-15 11:07:40,476 - __main__ - INFO - Signal Change: Intersection 2: Red for 5s (Lower priority (score: 0.0))
2025-10-15 11:07:40,476 - __main__ - INFO - Signal Change: Intersection 3: Red for 5s (Lower priority (score: 0.0))
2025-10-15 11:07:42,958 - __main__ - INFO - Signal Change: Intersection 1: Yellow for 3s (Transition to Green)
2025-10-15 11:07:42,958 - __main__ - INFO - Signal Change: Intersection 2: Yellow for 3s (Transition to Red)
2025-10-15 11:07:42,958 - __main__ - INFO - Signal Change: Intersection 3: Red for 29s (Lower priority (score: 0.1))
2025-10-15 11:07:45,477 - __main__ - INFO - Signal Change: Intersection 1: Green for 25s (Priority intersection (score: 0.0))
2025-10-15 11:07:45,477 - __main__ - INFO - Signal Change: Intersection 2: Red for 5s (Lower priority (score: 0.0))
2025-10-15 11:07:45,477 - __main__ - INFO - Signal Change: Intersection 3: Red for 5s (Lower priority (score: 0.0))
2025-10-15 11:07:47,960 - __main__ - INFO - Signal Change: Intersection 1: Red for 45s (Lower priority (score: 0.8))
2025-10-15 11:07:47,960 - __main__ - INFO - Signal Change: Intersection 2: Green for 40s (Priority intersection (score: 0.9))
2025-10-15 11:07:47,960 - __main__ - INFO - Signal Change: Intersection 3: Red for 45s (Lower priority (score: 0.9))
2025-10-15 11:07:50,479 - __main__ - INFO - Signal Change: Intersection 1: Green for 25s (Priority intersection (score: 0.0))
2025-10-15 11:07:50,479 - __main__ - INFO - Signal Change: Intersection 2: Red for 5s (Lower priority (score: 0.0))
2025-10-15 11:07:50,479 - __main__ - INFO - Signal Change: Intersection 3: Red for 5s (Lower priority (score: 0.0))
2025-10-15 11:07:52,964 - __main__ - INFO - Signal Change: Intersection 1: Red for 31s (Lower priority (score: 0.1))
2025-10-15 11:07:52,966 - __main__ - INFO - Signal Change: Intersection 2: Green for 40s (Priority intersection (score: 0.7))
2025-10-15 11:07:52,967 - __main__ - INFO - Signal Change: Intersection 3: Red for 33s (Lower priority (score: 0.1))
2025-10-15 11:07:55,481 - __main__ - INFO - Signal Change: Intersection 1: Green for 25s (Priority intersection (score: 0.0))
2025-10-15 11:07:55,481 - __main__ - INFO - Signal Change: Intersection 2: Red for 5s (Lower priority (score: 0.0))
2025-10-15 11:07:55,481 - __main__ - INFO - Signal Change: Intersection 3: Red for 5s (Lower priority (score: 0.0))
2025-10-15 11:07:57,969 - __main__ - INFO - Signal Change: Intersection 1: Yellow for 3s (Transition to Green)
2025-10-15 11:07:57,970 - __main__ - INFO - Signal Change: Intersection 2: Yellow for 3s (Transition to Red)
2025-10-15 11:07:57,970 - __main__ - INFO - Signal Change: Intersection 3: Red for 45s (Lower priority (score: 0.8))
2025-10-15 11:08:00,482 - __main__ - INFO - Signal Change: Intersection 1: Green for 25s (Priority intersection (score: 0.0))
2025-10-15 11:08:00,482 - __main__ - INFO - Signal Change: Intersection 2: Red for 5s (Lower priority (score: 0.0))
2025-10-15 11:08:00,483 - __main__ - INFO - Signal Change: Intersection 3: Red for 5s (Lower priority (score: 0.0))
2025-10-15 11:08:02,971 - __main__ - INFO - Signal Change: Intersection 1: Red for 35s (Lower priority (score: 0.7))
2025-10-15 11:08:02,971 - __main__ - INFO - Signal Change: Intersection 2: Green for 40s (Priority intersection (score: 0.8))
2025-10-15 11:08:02,971 - __main__ - INFO - Signal Change: Intersection 3: Red for 37s (Lower priority (score: 0.7))
2025-10-15 11:08:05,483 - __main__ - INFO - Signal Change: Intersection 1: Green for 25s (Priority intersection (score: 0.0))
2025-10-15 11:08:05,484 - __main__ - INFO - Signal Change: Intersection 2: Red for 5s (Lower priority (score: 0.0))
2025-10-15 11:08:05,484 - __main__ - INFO - Signal Change: Intersection 3: Red for 5s (Lower priority (score: 0.0))
2025-10-15 11:08:07,972 - __main__ - INFO - Signal Change: Intersection 1: Red for 45s (Lower priority (score: 0.8))
2025-10-15 11:08:07,972 - __main__ - INFO - Signal Change: Intersection 2: Green for 40s (Priority intersection (score: 0.8))
2025-10-15 11:08:07,972 - __main__ - INFO - Signal Change: Intersection 3: Red for 45s (Lower priority (score: 0.8))
2025-10-15 11:08:10,484 - __main__ - INFO - Signal Change: Intersection 1: Green for 25s (Priority intersection (score: 0.0))
2025-10-15 11:08:10,485 - __main__ - INFO - Signal Change: Intersection 2: Red for 5s (Lower priority (score: 0.0))
2025-10-15 11:08:10,485 - __main__ - INFO - Signal Change: Intersection 3: Red for 5s (Lower priority (score: 0.0))
2025-10-15 11:08:12,973 - __main__ - INFO - Signal Change: Intersection 1: Yellow for 3s (Transition to Green)
2025-10-15 11:08:12,973 - __main__ - INFO - Signal Change: Intersection 2: Yellow for 3s (Transition to Red)
2025-10-15 11:08:12,973 - __main__ - INFO - Signal Change: Intersection 3: Red for 31s (Lower priority (score: 0.1))
2025-10-15 11:08:15,485 - __main__ - INFO - Signal Change: Intersection 1: Green for 25s (Priority intersection (score: 0.0))
2025-10-15 11:08:15,486 - __main__ - INFO - Signal Change: Intersection 2: Red for 5s (Lower priority (score: 0.0))
2025-10-15 11:08:15,486 - __main__ - INFO - Signal Change: Intersection 3: Red for 5s (Lower priority (score: 0.0))
2025-10-15 11:08:17,974 - __main__ - INFO - Signal Change: Intersection 1: Red for 45s (Lower priority (score: 0.9))
2025-10-15 11:08:17,974 - __main__ - INFO - Signal Change: Intersection 2: Green for 40s (Priority intersection (score: 0.9))
2025-10-15 11:08:17,974 - __main__ - INFO - Signal Change: Intersection 3: Red for 45s (Lower priority (score: 0.9))
2025-10-15 11:08:20,487 - __main__ - INFO - Signal Change: Intersection 1: Green for 25s (Priority intersection (score: 0.0))
2025-10-15 11:08:20,487 - __main__ - INFO - Signal Change: Intersection 2: Red for 5s (Lower priority (score: 0.0))
2025-10-15 11:08:20,487 - __main__ - INFO - Signal Change: Intersection 3: Red for 5s (Lower priority (score: 0.0))
2025-10-15 11:08:22,975 - __main__ - INFO - Signal Change: Intersection 1: Red for 31s (Lower priority (score: 0.1))
2025-10-15 11:08:22,975 - __main__ - INFO - Signal Change: Intersection 2: Green for 40s (Priority intersection (score: 0.7))
2025-10-15 11:08:22,975 - __main__ - INFO - Signal Change: Intersection 3: Red for 35s (Lower priority (score: 0.7))
2025-10-15 11:08:25,488 - __main__ - INFO - Signal Change: Intersection 1: Green for 25s (Priority intersection (score: 0.0))
2025-10-15 11:08:25,488 - __main__ - INFO - Signal Change: Intersection 2: Red for 5s (Lower priority (score: 0.0))
2025-10-15 11:08:25,488 - __main__ - INFO - Signal Change: Intersection 3: Red for 5s (Lower priority (score: 0.0))
2025-10-15 11:08:27,976 - __main__ - INFO - Signal Change: Intersection 1: Red for 45s (Lower priority (score: 0.8))
2025-10-15 11:08:27,976 - __main__ - INFO - Signal Change: Intersection 2: Green for 40s (Priority intersection (score: 0.8))
2025-10-15 11:08:27,976 - __main__ - INFO - Signal Change: Intersection 3: Red for 45s (Lower priority (score: 0.8))
2025-10-15 11:08:30,489 - __main__ - INFO - Signal Change: Intersection 1: Green for 25s (Priority intersection (score: 0.0))
2025-10-15 11:08:30,490 - __main__ - INFO - Signal Change: Intersection 2: Red for 5s (Lower priority (score: 0.0))
2025-10-15 11:08:30,490 - __main__ - INFO - Signal Change: Intersection 3: Red for 5s (Lower priority (score: 0.0))
2025-10-15 11:08:32,977 - __main__ - INFO - Signal Change: Intersection 1: Yellow for 3s (Transition to Green)
2025-10-15 11:08:32,978 - __main__ - INFO - Signal Change: Intersection 2: Yellow for 3s (Transition to Red)
2025-10-15 11:08:32,978 - __main__ - INFO - Signal Change: Intersection 3: Red for 29s (Lower priority (score: 0.1))
2025-10-15 11:08:35,490 - __main__ - INFO - Signal Change: Intersection 1: Green for 25s (Priority intersection (score: 0.0))
2025-10-15 11:08:35,490 - __main__ - INFO - Signal Change: Intersection 2: Red for 5s (Lower priority (score: 0.0))
2025-10-15 11:08:35,491 - __main__ - INFO - Signal Change: Intersection 3: Red for 5s (Lower priority (score: 0.0))
2025-10-15 11:08:37,978 - __main__ - INFO - Signal Change: Intersection 1: Red for 45s (Lower priority (score: 0.8))
2025-10-15 11:08:37,978 - __main__ - INFO - Signal Change: Intersection 2: Green for 40s (Priority intersection (score: 0.9))
2025-10-15 11:08:37,979 - __main__ - INFO - Signal Change: Intersection 3: Red for 45s (Lower priority (score: 0.9))
2025-10-15 11:08:40,491 - __main__ - INFO - Signal Change: Intersection 1: Green for 25s (Priority intersection (score: 0.0))
2025-10-15 11:08:40,492 - __main__ - INFO - Signal Change: Intersection 2: Red for 5s (Lower priority (score: 0.0))
2025-10-15 11:08:40,492 - __main__ - INFO - Signal Change: Intersection 3: Red for 5s (Lower priority (score: 0.0))
2025-10-15 11:08:42,979 - __main__ - INFO - Signal Change: Intersection 1: Red for 29s (Lower priority (score: 0.1))
2025-10-15 11:08:42,980 - __main__ - INFO - Signal Change: Intersection 2: Green for 25s (Priority intersection (score: 0.1))
2025-10-15 11:08:42,980 - __main__ - INFO - Signal Change: Intersection 3: Red for 33s (Lower priority (score: 0.1))
2025-10-15 11:08:45,492 - __main__ - INFO - Signal Change: Intersection 1: Green for 25s (Priority intersection (score: 0.0))
2025-10-15 11:08:45,492 - __main__ - INFO - Signal Change: Intersection 2: Red for 5s (Lower priority (score: 0.0))
2025-10-15 11:08:45,492 - __main__ - INFO - Signal Change: Intersection 3: Red for 5s (Lower priority (score: 0.0))
2025-10-15 11:08:47,981 - __main__ - INFO - Signal Change: Intersection 1: Yellow for 3s (Transition to Green)
2025-10-15 11:08:47,981 - __main__ - INFO - Signal Change: Intersection 2: Yellow for 3s (Transition to Red)
2025-10-15 11:08:47,981 - __main__ - INFO - Signal Change: Intersection 3: Red for 45s (Lower priority (score: 0.8))
2025-10-15 11:08:50,493 - __main__ - INFO - Signal Change: Intersection 1: Green for 25s (Priority intersection (score: 0.0))
2025-10-15 11:08:50,493 - __main__ - INFO - Signal Change: Intersection 2: Red for 5s (Lower priority (score: 0.0))
2025-10-15 11:08:50,494 - __main__ - INFO - Signal Change: Intersection 3: Red for 5s (Lower priority (score: 0.0))
2025-10-15 11:08:52,982 - __main__ - INFO - Signal Change: Intersection 1: Red for 33s (Lower priority (score: 0.1))
2025-10-15 11:08:52,982 - __main__ - INFO - Signal Change: Intersection 2: Green for 40s (Priority intersection (score: 0.7))
2025-10-15 11:08:52,982 - __main__ - INFO - Signal Change: Intersection 3: Red for 37s (Lower priority (score: 0.7))
2025-10-15 11:08:55,494 - __main__ - INFO - Signal Change: Intersection 1: Green for 25s (Priority intersection (score: 0.0))
2025-10-15 11:08:55,495 - __main__ - INFO - Signal Change: Intersection 2: Red for 5s (Lower priority (score: 0.0))
2025-10-15 11:08:55,495 - __main__ - INFO - Signal Change: Intersection 3: Red for 5s (Lower priority (score: 0.0))
2025-10-15 11:08:57,983 - __main__ - INFO - Signal Change: Intersection 1: Red for 45s (Lower priority (score: 0.8))
2025-10-15 11:08:57,983 - __main__ - INFO - Signal Change: Intersection 2: Green for 40s (Priority intersection (score: 0.8))
2025-10-15 11:08:57,983 - __main__ - INFO - Signal Change: Intersection 3: Red for 45s (Lower priority (score: 0.8))
2025-10-15 11:09:00,496 - __main__ - INFO - Signal Change: Intersection 1: Green for 25s (Priority intersection (score: 0.0))
2025-10-15 11:09:00,496 - __main__ - INFO - Signal Change: Intersection 2: Red for 5s (Lower priority (score: 0.0))
2025-10-15 11:09:00,497 - __main__ - INFO - Signal Change: Intersection 3: Red for 5s (Lower priority (score: 0.0))
2025-10-15 11:09:02,984 - __main__ - INFO - Signal Change: Intersection 1: Yellow for 3s (Transition to Green)
2025-10-15 11:09:02,985 - __main__ - INFO - Signal Change: Intersection 2: Yellow for 3s (Transition to Red)
2025-10-15 11:09:02,985 - __main__ - INFO - Signal Change: Intersection 3: Red for 29s (Lower priority (score: 0.1))
2025-10-15 11:09:05,497 - __main__ - INFO - Signal Change: Intersection 1: Green for 25s (Priority intersection (score: 0.0))
2025-10-15 11:09:05,498 - __main__ - INFO - Signal Change: Intersection 2: Red for 5s (Lower priority (score: 0.0))
2025-10-15 11:09:05,498 - __main__ - INFO - Signal Change: Intersection 3: Red for 5s (Lower priority (score: 0.0))
2025-10-15 11:09:07,985 - __main__ - INFO - Signal Change: Intersection 1: Red for 45s (Lower priority (score: 0.8))
2025-10-15 11:09:07,986 - __main__ - INFO - Signal Change: Intersection 2: Green for 40s (Priority intersection (score: 0.9))
2025-10-15 11:09:07,986 - __main__ - INFO - Signal Change: Intersection 3: Red for 45s (Lower priority (score: 0.9))
2025-10-15 11:09:10,498 - __main__ - INFO - Signal Change: Intersection 1: Green for 25s (Priority intersection (score: 0.0))
2025-10-15 11:09:10,498 - __main__ - INFO - Signal Change: Intersection 2: Red for 5s (Lower priority (score: 0.0))
2025-10-15 11:09:10,499 - __main__ - INFO - Signal Change: Intersection 3: Red for 5s (Lower priority (score: 0.0))
2025-10-15 11:09:12,986 - __main__ - INFO - Signal Change: Intersection 1: Red for 29s (Lower priority (score: 0.1))
2025-10-15 11:09:12,987 - __main__ - INFO - Signal Change: Intersection 2: Green for 40s (Priority intersection (score: 0.7))
2025-10-15 11:09:12,987 - __main__ - INFO - Signal Change: Intersection 3: Red for 33s (Lower priority (score: 0.1))
2025-10-15 11:09:15,499 - __main__ - INFO - Signal Change: Intersection 1: Green for 25s (Priority intersection (score: 0.0))
2025-10-15 11:09:15,499 - __main__ - INFO - Signal Change: Intersection 2: Red for 5s (Lower priority (score: 0.0))
2025-10-15 11:09:15,499 - __main__ - INFO - Signal Change: Intersection 3: Red for 5s (Lower priority (score: 0.0))
2025-10-15 11:09:17,988 - __main__ - INFO - Signal Change: Intersection 1: Yellow for 3s (Transition to Green)
2025-10-15 11:09:17,988 - __main__ - INFO - Signal Change: Intersection 2: Yellow for 3s (Transition to Red)
2025-10-15 11:09:17,988 - __main__ - INFO - Signal Change: Intersection 3: Red for 45s (Lower priority (score: 0.8))
2025-10-15 11:09:20,500 - __main__ - INFO - Signal Change: Intersection 1: Green for 25s (Priority intersection (score: 0.0))
2025-10-15 11:09:20,500 - __main__ - INFO - Signal Change: Intersection 2: Red for 5s (Lower priority (score: 0.0))
2025-10-15 11:09:20,500 - __main__ - INFO - Signal Change: Intersection 3: Red for 5s (Lower priority (score: 0.0))
2025-10-15 11:09:22,989 - __main__ - INFO - Signal Change: Intersection 1: Red for 33s (Lower priority (score: 0.1))
2025-10-15 11:09:22,989 - __main__ - INFO - Signal Change: Intersection 2: Green for 40s (Priority intersection (score: 0.8))
2025-10-15 11:09:22,989 - __main__ - INFO - Signal Change: Intersection 3: Red for 37s (Lower priority (score: 0.7))
2025-10-15 11:09:25,501 - __main__ - INFO - Signal Change: Intersection 1: Green for 25s (Priority intersection (score: 0.0))
2025-10-15 11:09:25,501 - __main__ - INFO - Signal Change: Intersection 2: Red for 5s (Lower priority (score: 0.0))
2025-10-15 11:09:25,501 - __main__ - INFO - Signal Change: Intersection 3: Red for 5s (Lower priority (score: 0.0))
2025-10-15 11:09:27,990 - __main__ - INFO - Signal Change: Intersection 1: Red for 45s (Lower priority (score: 0.8))
2025-10-15 11:09:27,990 - __main__ - INFO - Signal Change: Intersection 2: Green for 40s (Priority intersection (score: 0.8))
2025-10-15 11:09:27,990 - __main__ - INFO - Signal Change: Intersection 3: Red for 45s (Lower priority (score: 0.8))
2025-10-15 11:09:30,502 - __main__ - INFO - Signal Change: Intersection 1: Green for 25s (Priority intersection (score: 0.0))
2025-10-15 11:09:30,502 - __main__ - INFO - Signal Change: Intersection 2: Red for 5s (Lower priority (score: 0.0))
2025-10-15 11:09:30,502 - __main__ - INFO - Signal Change: Intersection 3: Red for 5s (Lower priority (score: 0.0))
2025-10-15 11:09:32,991 - __main__ - INFO - Signal Change: Intersection 1: Yellow for 3s (Transition to Green)
2025-10-15 11:09:32,991 - __main__ - INFO - Signal Change: Intersection 2: Yellow for 3s (Transition to Red)
2025-10-15 11:09:32,991 - __main__ - INFO - Signal Change: Intersection 3: Red for 31s (Lower priority (score: 0.1))
2025-10-15 11:09:35,503 - __main__ - INFO - Signal Change: Intersection 1: Green for 25s (Priority intersection (score: 0.0))
2025-10-15 11:09:35,503 - __main__ - INFO - Signal Change: Intersection 2: Red for 5s (Lower priority (score: 0.0))
2025-10-15 11:09:35,504 - __main__ - INFO - Signal Change: Intersection 3: Red for 5s (Lower priority (score: 0.0))
2025-10-15 11:09:37,992 - __main__ - INFO - Signal Change: Intersection 1: Red for 45s (Lower priority (score: 0.8))
2025-10-15 11:09:37,992 - __main__ - INFO - Signal Change: Intersection 2: Red for 45s (Lower priority (score: 0.8))
2025-10-15 11:09:37,992 - __main__ - INFO - Signal Change: Intersection 3: Yellow for 3s (Transition to Green)
2025-10-15 11:09:40,504 - __main__ - INFO - Signal Change: Intersection 1: Green for 25s (Priority intersection (score: 0.0))
2025-10-15 11:09:40,505 - __main__ - INFO - Signal Change: Intersection 2: Red for 5s (Lower priority (score: 0.0))
2025-10-15 11:09:40,505 - __main__ - INFO - Signal Change: Intersection 3: Red for 5s (Lower priority (score: 0.0))
2025-10-15 11:09:42,993 - __main__ - INFO - Signal Change: Intersection 1: Red for 31s (Lower priority (score: 0.1))
2025-10-15 11:09:42,993 - __main__ - INFO - Signal Change: Intersection 2: Yellow for 3s (Transition to Green)
2025-10-15 11:09:42,994 - __main__ - INFO - Signal Change: Intersection 3: Red for 35s (Lower priority (score: 0.7))
2025-10-15 11:09:45,506 - __main__ - INFO - Signal Change: Intersection 1: Green for 25s (Priority intersection (score: 0.0))
2025-10-15 11:09:45,506 - __main__ - INFO - Signal Change: Intersection 2: Red for 5s (Lower priority (score: 0.0))
2025-10-15 11:09:45,506 - __main__ - INFO - Signal Change: Intersection 3: Red for 5s (Lower priority (score: 0.0))
2025-10-15 11:09:47,994 - __main__ - INFO - Signal Change: Intersection 1: Yellow for 3s (Transition to Green)
2025-10-15 11:09:47,994 - __main__ - INFO - Signal Change: Intersection 2: Red for 45s (Lower priority (score: 0.8))
2025-10-15 11:09:47,995 - __main__ - INFO - Signal Change: Intersection 3: Red for 45s (Lower priority (score: 0.8))
2025-10-15 11:09:50,507 - __main__ - INFO - Signal Change: Intersection 1: Green for 25s (Priority intersection (score: 0.0))
2025-10-15 11:09:50,507 - __main__ - INFO - Signal Change: Intersection 2: Red for 5s (Lower priority (score: 0.0))
2025-10-15 11:09:50,507 - __main__ - INFO - Signal Change: Intersection 3: Red for 5s (Lower priority (score: 0.0))
2025-10-15 11:09:52,996 - __main__ - INFO - Signal Change: Intersection 1: Green for 40s (Priority intersection (score: 0.7))
2025-10-15 11:09:52,997 - __main__ - INFO - Signal Change: Intersection 2: Red for 29s (Lower priority (score: 0.1))
2025-10-15 11:09:52,997 - __main__ - INFO - Signal Change: Intersection 3: Red for 29s (Lower priority (score: 0.1))
2025-10-15 11:09:55,508 - __main__ - INFO - Signal Change: Intersection 1: Green for 25s (Priority intersection (score: 0.0))
2025-10-15 11:09:55,508 - __main__ - INFO - Signal Change: Intersection 2: Red for 5s (Lower priority (score: 0.0))
2025-10-15 11:09:55,510 - __main__ - INFO - Signal Change: Intersection 3: Red for 5s (Lower priority (score: 0.0))
2025-10-15 11:09:57,997 - __main__ - INFO - Signal Change: Intersection 1: Yellow for 3s (Transition to Red)
2025-10-15 11:09:57,998 - __main__ - INFO - Signal Change: Intersection 2: Yellow for 3s (Transition to Green)
2025-10-15 11:09:57,998 - __main__ - INFO - Signal Change: Intersection 3: Red for 45s (Lower priority (score: 0.9))
2025-10-15 11:10:00,510 - __main__ - INFO - Signal Change: Intersection 1: Green for 25s (Priority intersection (score: 0.0))
2025-10-15 11:10:00,511 - __main__ - INFO - Signal Change: Intersection 2: Red for 5s (Lower priority (score: 0.0))
2025-10-15 11:10:00,511 - __main__ - INFO - Signal Change: Intersection 3: Red for 5s (Lower priority (score: 0.0))
2025-10-15 11:10:02,999 - __main__ - INFO - Signal Change: Intersection 1: Red for 29s (Lower priority (score: 0.1))
2025-10-15 11:10:02,999 - __main__ - INFO - Signal Change: Intersection 2: Green for 25s (Priority intersection (score: 0.1))
2025-10-15 11:10:02,999 - __main__ - INFO - Signal Change: Intersection 3: Red for 33s (Lower priority (score: 0.1))
2025-10-15 11:10:05,512 - __main__ - INFO - Signal Change: Intersection 1: Green for 25s (Priority intersection (score: 0.0))
2025-10-15 11:10:05,513 - __main__ - INFO - Signal Change: Intersection 2: Red for 5s (Lower priority (score: 0.0))
2025-10-15 11:10:05,513 - __main__ - INFO - Signal Change: Intersection 3: Red for 5s (Lower priority (score: 0.0))
2025-10-15 11:10:08,000 - __main__ - INFO - Signal Change: Intersection 1: Yellow for 3s (Transition to Green)
2025-10-15 11:10:08,000 - __main__ - INFO - Signal Change: Intersection 2: Yellow for 3s (Transition to Red)
2025-10-15 11:10:08,001 - __main__ - INFO - Signal Change: Intersection 3: Red for 45s (Lower priority (score: 0.8))
2025-10-15 11:10:10,514 - __main__ - INFO - Signal Change: Intersection 1: Green for 25s (Priority intersection (score: 0.0))
2025-10-15 11:10:10,519 - __main__ - INFO - Signal Change: Intersection 2: Red for 5s (Lower priority (score: 0.0))
2025-10-15 11:10:10,519 - __main__ - INFO - Signal Change: Intersection 3: Red for 5s (Lower priority (score: 0.0))
2025-10-15 11:10:13,001 - __main__ - INFO - Signal Change: Intersection 1: Red for 33s (Lower priority (score: 0.1))
2025-10-15 11:10:13,002 - __main__ - INFO - Signal Change: Intersection 2: Green for 40s (Priority intersection (score: 0.8))
2025-10-15 11:10:13,002 - __main__ - INFO - Signal Change: Intersection 3: Red for 37s (Lower priority (score: 0.7))
2025-10-15 11:10:15,520 - __main__ - INFO - Signal Change: Intersection 1: Green for 25s (Priority intersection (score: 0.0))
2025-10-15 11:10:15,521 - __main__ - INFO - Signal Change: Intersection 2: Red for 5s (Lower priority (score: 0.0))
2025-10-15 11:10:15,521 - __main__ - INFO - Signal Change: Intersection 3: Red for 5s (Lower priority (score: 0.0))
2025-10-15 11:10:18,003 - __main__ - INFO - Signal Change: Intersection 1: Red for 45s (Lower priority (score: 0.8))
2025-10-15 11:10:18,003 - __main__ - INFO - Signal Change: Intersection 2: Green for 40s (Priority intersection (score: 0.9))
2025-10-15 11:10:18,003 - __main__ - INFO - Signal Change: Intersection 3: Red for 45s (Lower priority (score: 0.8))
2025-10-15 11:10:20,522 - __main__ - INFO - Signal Change: Intersection 1: Green for 25s (Priority intersection (score: 0.0))
2025-10-15 11:10:20,522 - __main__ - INFO - Signal Change: Intersection 2: Red for 5s (Lower priority (score: 0.0))
2025-10-15 11:10:20,522 - __main__ - INFO - Signal Change: Intersection 3: Red for 5s (Lower priority (score: 0.0))
2025-10-15 11:10:23,004 - __main__ - INFO - Signal Change: Intersection 1: Yellow for 3s (Transition to Green)
2025-10-15 11:10:23,004 - __main__ - INFO - Signal Change: Intersection 2: Yellow for 3s (Transition to Red)
2025-10-15 11:10:23,004 - __main__ - INFO - Signal Change: Intersection 3: Red for 31s (Lower priority (score: 0.1))
2025-10-15 11:10:25,523 - __main__ - INFO - Signal Change: Intersection 1: Green for 25s (Priority intersection (score: 0.0))
2025-10-15 11:10:25,523 - __main__ - INFO - Signal Change: Intersection 2: Red for 5s (Lower priority (score: 0.0))
2025-10-15 11:10:25,523 - __main__ - INFO - Signal Change: Intersection 3: Red for 5s (Lower priority (score: 0.0))
2025-10-15 11:10:28,005 - __main__ - INFO - Signal Change: Intersection 1: Green for 40s (Priority intersection (score: 0.8))
2025-10-15 11:10:28,005 - __main__ - INFO - Signal Change: Intersection 2: Red for 45s (Lower priority (score: 0.8))
2025-10-15 11:10:28,005 - __main__ - INFO - Signal Change: Intersection 3: Red for 45s (Lower priority (score: 0.8))
2025-10-15 11:10:30,524 - __main__ - INFO - Signal Change: Intersection 1: Green for 25s (Priority intersection (score: 0.0))
2025-10-15 11:10:30,524 - __main__ - INFO - Signal Change: Intersection 2: Red for 5s (Lower priority (score: 0.0))
2025-10-15 11:10:30,525 - __main__ - INFO - Signal Change: Intersection 3: Red for 5s (Lower priority (score: 0.0))
2025-10-15 11:10:33,006 - __main__ - INFO - Signal Change: Intersection 1: Yellow for 3s (Transition to Red)
2025-10-15 11:10:33,006 - __main__ - INFO - Signal Change: Intersection 2: Yellow for 3s (Transition to Green)
2025-10-15 11:10:33,007 - __main__ - INFO - Signal Change: Intersection 3: Red for 37s (Lower priority (score: 0.7))
2025-10-15 11:10:35,527 - __main__ - INFO - Signal Change: Intersection 1: Green for 25s (Priority intersection (score: 0.0))
2025-10-15 11:10:35,527 - __main__ - INFO - Signal Change: Intersection 2: Red for 5s (Lower priority (score: 0.0))
2025-10-15 11:10:35,527 - __main__ - INFO - Signal Change: Intersection 3: Red for 5s (Lower priority (score: 0.0))
2025-10-15 11:10:38,007 - __main__ - INFO - Signal Change: Intersection 1: Green for 40s (Priority intersection (score: 0.9))
2025-10-15 11:10:38,008 - __main__ - INFO - Signal Change: Intersection 2: Red for 45s (Lower priority (score: 0.8))
2025-10-15 11:10:38,008 - __main__ - INFO - Signal Change: Intersection 3: Red for 45s (Lower priority (score: 0.8))
2025-10-15 11:10:40,528 - __main__ - INFO - Signal Change: Intersection 1: Green for 25s (Priority intersection (score: 0.0))
2025-10-15 11:10:40,529 - __main__ - INFO - Signal Change: Intersection 2: Red for 5s (Lower priority (score: 0.0))
2025-10-15 11:10:40,529 - __main__ - INFO - Signal Change: Intersection 3: Red for 5s (Lower priority (score: 0.0))
2025-10-15 11:10:43,009 - __main__ - INFO - Signal Change: Intersection 1: Green for 40s (Priority intersection (score: 0.7))
2025-10-15 11:10:43,009 - __main__ - INFO - Signal Change: Intersection 2: Red for 31s (Lower priority (score: 0.1))
2025-10-15 11:10:43,010 - __main__ - INFO - Signal Change: Intersection 3: Red for 29s (Lower priority (score: 0.1))
2025-10-15 11:10:45,529 - __main__ - INFO - Signal Change: Intersection 1: Green for 25s (Priority intersection (score: 0.0))
2025-10-15 11:10:45,529 - __main__ - INFO - Signal Change: Intersection 2: Red for 5s (Lower priority (score: 0.0))
2025-10-15 11:10:45,530 - __main__ - INFO - Signal Change: Intersection 3: Red for 5s (Lower priority (score: 0.0))
2025-10-15 11:10:48,011 - __main__ - INFO - Signal Change: Intersection 1: Yellow for 3s (Transition to Red)
2025-10-15 11:10:48,011 - __main__ - INFO - Signal Change: Intersection 2: Yellow for 3s (Transition to Green)
2025-10-15 11:10:48,011 - __main__ - INFO - Signal Change: Intersection 3: Red for 45s (Lower priority (score: 0.9))
2025-10-15 11:10:50,530 - __main__ - INFO - Signal Change: Intersection 1: Green for 25s (Priority intersection (score: 0.0))
2025-10-15 11:10:50,531 - __main__ - INFO - Signal Change: Intersection 2: Red for 5s (Lower priority (score: 0.0))
2025-10-15 11:10:50,531 - __main__ - INFO - Signal Change: Intersection 3: Red for 5s (Lower priority (score: 0.0))
2025-10-15 11:10:53,012 - __main__ - INFO - Signal Change: Intersection 1: Red for 29s (Lower priority (score: 0.1))
2025-10-15 11:10:53,012 - __main__ - INFO - Signal Change: Intersection 2: Red for 35s (Lower priority (score: 0.7))
2025-10-15 11:10:53,013 - __main__ - INFO - Signal Change: Intersection 3: Yellow for 3s (Transition to Green)
2025-10-15 11:10:55,532 - __main__ - INFO - Signal Change: Intersection 1: Green for 25s (Priority intersection (score: 0.0))
2025-10-15 11:10:55,532 - __main__ - INFO - Signal Change: Intersection 2: Red for 5s (Lower priority (score: 0.0))
2025-10-15 11:10:55,532 - __main__ - INFO - Signal Change: Intersection 3: Red for 5s (Lower priority (score: 0.0))
2025-10-15 11:10:58,013 - __main__ - INFO - Signal Change: Intersection 1: Yellow for 3s (Transition to Green)
2025-10-15 11:10:58,014 - __main__ - INFO - Signal Change: Intersection 2: Red for 45s (Lower priority (score: 0.8))
2025-10-15 11:10:58,014 - __main__ - INFO - Signal Change: Intersection 3: Red for 45s (Lower priority (score: 0.8))
2025-10-15 11:11:00,533 - __main__ - INFO - Signal Change: Intersection 1: Green for 25s (Priority intersection (score: 0.0))
2025-10-15 11:11:00,534 - __main__ - INFO - Signal Change: Intersection 2: Red for 5s (Lower priority (score: 0.0))
2025-10-15 11:11:00,534 - __main__ - INFO - Signal Change: Intersection 3: Red for 5s (Lower priority (score: 0.0))
2025-10-15 11:11:03,015 - __main__ - INFO - Signal Change: Intersection 1: Green for 40s (Priority intersection (score: 0.7))
2025-10-15 11:11:03,015 - __main__ - INFO - Signal Change: Intersection 2: Red for 29s (Lower priority (score: 0.1))
2025-10-15 11:11:03,015 - __main__ - INFO - Signal Change: Intersection 3: Red for 29s (Lower priority (score: 0.1))
2025-10-15 11:11:05,534 - __main__ - INFO - Signal Change: Intersection 1: Green for 25s (Priority intersection (score: 0.0))
2025-10-15 11:11:05,535 - __main__ - INFO - Signal Change: Intersection 2: Red for 5s (Lower priority (score: 0.0))
2025-10-15 11:11:05,535 - __main__ - INFO - Signal Change: Intersection 3: Red for 5s (Lower priority (score: 0.0))
2025-10-15 11:11:08,016 - __main__ - INFO - Signal Change: Intersection 1: Yellow for 3s (Transition to Red)
2025-10-15 11:11:08,016 - __main__ - INFO - Signal Change: Intersection 2: Yellow for 3s (Transition to Green)
2025-10-15 11:11:08,016 - __main__ - INFO - Signal Change: Intersection 3: Red for 45s (Lower priority (score: 0.9))
2025-10-15 11:11:10,535 - __main__ - INFO - Signal Change: Intersection 1: Green for 25s (Priority intersection (score: 0.0))
2025-10-15 11:11:10,535 - __main__ - INFO - Signal Change: Intersection 2: Red for 5s (Lower priority (score: 0.0))
2025-10-15 11:11:10,536 - __main__ - INFO - Signal Change: Intersection 3: Red for 5s (Lower priority (score: 0.0))
2025-10-15 11:11:13,017 - __main__ - INFO - Signal Change: Intersection 1: Green for 40s (Priority intersection (score: 0.8))
2025-10-15 11:11:13,017 - __main__ - INFO - Signal Change: Intersection 2: Red for 33s (Lower priority (score: 0.1))
2025-10-15 11:11:13,017 - __main__ - INFO - Signal Change: Intersection 3: Red for 33s (Lower priority (score: 0.1))
2025-10-15 11:11:15,536 - __main__ - INFO - Signal Change: Intersection 1: Green for 25s (Priority intersection (score: 0.0))
2025-10-15 11:11:15,537 - __main__ - INFO - Signal Change: Intersection 2: Red for 5s (Lower priority (score: 0.0))
2025-10-15 11:11:15,537 - __main__ - INFO - Signal Change: Intersection 3: Red for 5s (Lower priority (score: 0.0))
2025-10-15 11:11:18,018 - __main__ - INFO - Signal Change: Intersection 1: Green for 40s (Priority intersection (score: 0.9))
2025-10-15 11:11:18,018 - __main__ - INFO - Signal Change: Intersection 2: Red for 45s (Lower priority (score: 0.8))
2025-10-15 11:11:18,018 - __main__ - INFO - Signal Change: Intersection 3: Red for 45s (Lower priority (score: 0.8))
2025-10-15 11:11:20,538 - __main__ - INFO - Signal Change: Intersection 1: Green for 25s (Priority intersection (score: 0.0))
2025-10-15 11:11:20,538 - __main__ - INFO - Signal Change: Intersection 2: Red for 5s (Lower priority (score: 0.0))
2025-10-15 11:11:20,538 - __main__ - INFO - Signal Change: Intersection 3: Red for 5s (Lower priority (score: 0.0))
2025-10-15 11:11:23,019 - __main__ - INFO - Signal Change: Intersection 1: Yellow for 3s (Transition to Red)
2025-10-15 11:11:23,019 - __main__ - INFO - Signal Change: Intersection 2: Yellow for 3s (Transition to Green)
2025-10-15 11:11:23,020 - __main__ - INFO - Signal Change: Intersection 3: Red for 37s (Lower priority (score: 0.7))
2025-10-15 11:11:25,540 - __main__ - INFO - Signal Change: Intersection 1: Green for 25s (Priority intersection (score: 0.0))
2025-10-15 11:11:25,541 - __main__ - INFO - Signal Change: Intersection 2: Red for 5s (Lower priority (score: 0.0))
2025-10-15 11:11:25,541 - __main__ - INFO - Signal Change: Intersection 3: Red for 5s (Lower priority (score: 0.0))
2025-10-15 11:11:28,020 - __main__ - INFO - Signal Change: Intersection 1: Red for 45s (Lower priority (score: 0.8))
2025-10-15 11:11:28,021 - __main__ - INFO - Signal Change: Intersection 2: Red for 45s (Lower priority (score: 0.8))
2025-10-15 11:11:28,021 - __main__ - INFO - Signal Change: Intersection 3: Yellow for 3s (Transition to Green)
2025-10-15 11:11:30,542 - __main__ - INFO - Signal Change: Intersection 1: Green for 25s (Priority intersection (score: 0.0))
2025-10-15 11:11:30,542 - __main__ - INFO - Signal Change: Intersection 2: Red for 5s (Lower priority (score: 0.0))
2025-10-15 11:11:30,542 - __main__ - INFO - Signal Change: Intersection 3: Red for 5s (Lower priority (score: 0.0))
2025-10-15 11:11:33,022 - __main__ - INFO - Signal Change: Intersection 1: Yellow for 3s (Transition to Green)
2025-10-15 11:11:33,022 - __main__ - INFO - Signal Change: Intersection 2: Red for 31s (Lower priority (score: 0.1))
2025-10-15 11:11:33,022 - __main__ - INFO - Signal Change: Intersection 3: Red for 31s (Lower priority (score: 0.1))
2025-10-15 11:11:35,543 - __main__ - INFO - Signal Change: Intersection 1: Green for 25s (Priority intersection (score: 0.0))
2025-10-15 11:11:35,543 - __main__ - INFO - Signal Change: Intersection 2: Red for 5s (Lower priority (score: 0.0))
2025-10-15 11:11:35,543 - __main__ - INFO - Signal Change: Intersection 3: Red for 5s (Lower priority (score: 0.0))
2025-10-15 11:11:38,023 - __main__ - INFO - Signal Change: Intersection 1: Red for 45s (Lower priority (score: 0.8))
2025-10-15 11:11:38,023 - __main__ - INFO - Signal Change: Intersection 2: Red for 45s (Lower priority (score: 0.8))
2025-10-15 11:11:38,023 - __main__ - INFO - Signal Change: Intersection 3: Yellow for 3s (Transition to Green)
2025-10-15 11:11:40,544 - __main__ - INFO - Signal Change: Intersection 1: Green for 25s (Priority intersection (score: 0.0))
2025-10-15 11:11:40,545 - __main__ - INFO - Signal Change: Intersection 2: Red for 5s (Lower priority (score: 0.0))
2025-10-15 11:11:40,545 - __main__ - INFO - Signal Change: Intersection 3: Red for 5s (Lower priority (score: 0.0))
2025-10-15 11:11:43,024 - __main__ - INFO - Signal Change: Intersection 1: Red for 31s (Lower priority (score: 0.1))
2025-10-15 11:11:43,024 - __main__ - INFO - Signal Change: Intersection 2: Yellow for 3s (Transition to Green)
2025-10-15 11:11:43,025 - __main__ - INFO - Signal Change: Intersection 3: Red for 35s (Lower priority (score: 0.7))
2025-10-15 11:11:45,546 - __main__ - INFO - Signal Change: Intersection 1: Green for 25s (Priority intersection (score: 0.0))
2025-10-15 11:11:45,546 - __main__ - INFO - Signal Change: Intersection 2: Red for 5s (Lower priority (score: 0.0))
2025-10-15 11:11:45,546 - __main__ - INFO - Signal Change: Intersection 3: Red for 5s (Lower priority (score: 0.0))
2025-10-15 11:11:48,026 - __main__ - INFO - Signal Change: Intersection 1: Yellow for 3s (Transition to Green)
2025-10-15 11:11:48,026 - __main__ - INFO - Signal Change: Intersection 2: Red for 45s (Lower priority (score: 0.8))
2025-10-15 11:11:48,026 - __main__ - INFO - Signal Change: Intersection 3: Red for 45s (Lower priority (score: 0.8))
2025-10-15 11:11:50,547 - __main__ - INFO - Signal Change: Intersection 1: Green for 25s (Priority intersection (score: 0.0))
2025-10-15 11:11:50,547 - __main__ - INFO - Signal Change: Intersection 2: Red for 5s (Lower priority (score: 0.0))
2025-10-15 11:11:50,547 - __main__ - INFO - Signal Change: Intersection 3: Red for 5s (Lower priority (score: 0.0))
2025-10-15 11:11:53,027 - __main__ - INFO - Signal Change: Intersection 1: Green for 40s (Priority intersection (score: 0.7))
2025-10-15 11:11:53,027 - __main__ - INFO - Signal Change: Intersection 2: Red for 29s (Lower priority (score: 0.1))
2025-10-15 11:11:53,027 - __main__ - INFO - Signal Change: Intersection 3: Red for 29s (Lower priority (score: 0.1))
2025-10-15 11:11:55,548 - __main__ - INFO - Signal Change: Intersection 1: Green for 25s (Priority intersection (score: 0.0))
2025-10-15 11:11:55,548 - __main__ - INFO - Signal Change: Intersection 2: Red for 5s (Lower priority (score: 0.0))
2025-10-15 11:11:55,549 - __main__ - INFO - Signal Change: Intersection 3: Red for 5s (Lower priority (score: 0.0))
2025-10-15 11:11:58,028 - __main__ - INFO - Signal Change: Intersection 1: Yellow for 3s (Transition to Red)
2025-10-15 11:11:58,029 - __main__ - INFO - Signal Change: Intersection 2: Yellow for 3s (Transition to Green)
2025-10-15 11:11:58,029 - __main__ - INFO - Signal Change: Intersection 3: Red for 45s (Lower priority (score: 0.9))
2025-10-15 11:12:00,549 - __main__ - INFO - Signal Change: Intersection 1: Green for 25s (Priority intersection (score: 0.0))
2025-10-15 11:12:00,550 - __main__ - INFO - Signal Change: Intersection 2: Red for 5s (Lower priority (score: 0.0))
2025-10-15 11:12:00,550 - __main__ - INFO - Signal Change: Intersection 3: Red for 5s (Lower priority (score: 0.0))
2025-10-15 11:12:03,030 - __main__ - INFO - Signal Change: Intersection 1: Green for 40s (Priority intersection (score: 0.8))
2025-10-15 11:12:03,030 - __main__ - INFO - Signal Change: Intersection 2: Red for 35s (Lower priority (score: 0.7))
2025-10-15 11:12:03,030 - __main__ - INFO - Signal Change: Intersection 3: Red for 33s (Lower priority (score: 0.1))
2025-10-15 11:12:05,550 - __main__ - INFO - Signal Change: Intersection 1: Green for 25s (Priority intersection (score: 0.0))
2025-10-15 11:12:05,551 - __main__ - INFO - Signal Change: Intersection 2: Red for 5s (Lower priority (score: 0.0))
2025-10-15 11:12:05,551 - __main__ - INFO - Signal Change: Intersection 3: Red for 5s (Lower priority (score: 0.0))
2025-10-15 11:12:08,030 - __main__ - INFO - Signal Change: Intersection 1: Green for 40s (Priority intersection (score: 0.9))
2025-10-15 11:12:08,031 - __main__ - INFO - Signal Change: Intersection 2: Red for 45s (Lower priority (score: 0.8))
2025-10-15 11:12:08,031 - __main__ - INFO - Signal Change: Intersection 3: Red for 45s (Lower priority (score: 0.8))
2025-10-15 11:12:10,552 - __main__ - INFO - Signal Change: Intersection 1: Green for 25s (Priority intersection (score: 0.0))
2025-10-15 11:12:10,552 - __main__ - INFO - Signal Change: Intersection 2: Red for 5s (Lower priority (score: 0.0))
2025-10-15 11:12:10,552 - __main__ - INFO - Signal Change: Intersection 3: Red for 5s (Lower priority (score: 0.0))
2025-10-15 11:12:13,032 - __main__ - INFO - Signal Change: Intersection 1: Yellow for 3s (Transition to Red)
2025-10-15 11:12:13,032 - __main__ - INFO - Signal Change: Intersection 2: Red for 29s (Lower priority (score: 0.1))
2025-10-15 11:12:13,032 - __main__ - INFO - Signal Change: Intersection 3: Yellow for 3s (Transition to Green)
2025-10-15 11:12:15,553 - __main__ - INFO - Signal Change: Intersection 1: Green for 25s (Priority intersection (score: 0.0))
2025-10-15 11:12:15,553 - __main__ - INFO - Signal Change: Intersection 2: Red for 5s (Lower priority (score: 0.0))
2025-10-15 11:12:15,553 - __main__ - INFO - Signal Change: Intersection 3: Red for 5s (Lower priority (score: 0.0))
2025-10-15 11:12:18,033 - __main__ - INFO - Signal Change: Intersection 1: Red for 45s (Lower priority (score: 0.8))
2025-10-15 11:12:18,033 - __main__ - INFO - Signal Change: Intersection 2: Yellow for 3s (Transition to Green)
2025-10-15 11:12:18,033 - __main__ - INFO - Signal Change: Intersection 3: Red for 45s (Lower priority (score: 0.9))
2025-10-15 11:12:20,554 - __main__ - INFO - Signal Change: Intersection 1: Green for 25s (Priority intersection (score: 0.0))
2025-10-15 11:12:20,555 - __main__ - INFO - Signal Change: Intersection 2: Red for 5s (Lower priority (score: 0.0))
2025-10-15 11:12:20,555 - __main__ - INFO - Signal Change: Intersection 3: Red for 5s (Lower priority (score: 0.0))
2025-10-15 11:12:23,034 - __main__ - INFO - Signal Change: Intersection 1: Yellow for 3s (Transition to Green)
2025-10-15 11:12:23,035 - __main__ - INFO - Signal Change: Intersection 2: Red for 33s (Lower priority (score: 0.1))
2025-10-15 11:12:23,035 - __main__ - INFO - Signal Change: Intersection 3: Red for 31s (Lower priority (score: 0.1))
2025-10-15 11:12:25,555 - __main__ - INFO - Signal Change: Intersection 1: Green for 25s (Priority intersection (score: 0.0))
2025-10-15 11:12:25,556 - __main__ - INFO - Signal Change: Intersection 2: Red for 5s (Lower priority (score: 0.0))
2025-10-15 11:12:25,556 - __main__ - INFO - Signal Change: Intersection 3: Red for 5s (Lower priority (score: 0.0))
2025-10-15 11:12:28,035 - __main__ - INFO - Signal Change: Intersection 1: Green for 40s (Priority intersection (score: 0.8))
2025-10-15 11:12:28,035 - __main__ - INFO - Signal Change: Intersection 2: Red for 45s (Lower priority (score: 0.8))
2025-10-15 11:12:28,036 - __main__ - INFO - Signal Change: Intersection 3: Red for 45s (Lower priority (score: 0.8))
2025-10-15 11:12:30,557 - __main__ - INFO - Signal Change: Intersection 1: Green for 25s (Priority intersection (score: 0.0))
2025-10-15 11:12:30,557 - __main__ - INFO - Signal Change: Intersection 2: Red for 5s (Lower priority (score: 0.0))
2025-10-15 11:12:30,557 - __main__ - INFO - Signal Change: Intersection 3: Red for 5s (Lower priority (score: 0.0))
2025-10-15 11:12:33,036 - __main__ - INFO - Signal Change: Intersection 1: Yellow for 3s (Transition to Red)
2025-10-15 11:12:33,037 - __main__ - INFO - Signal Change: Intersection 2: Yellow for 3s (Transition to Green)
2025-10-15 11:12:33,037 - __main__ - INFO - Signal Change: Intersection 3: Red for 37s (Lower priority (score: 0.7))
2025-10-15 11:12:35,558 - __main__ - INFO - Signal Change: Intersection 1: Green for 25s (Priority intersection (score: 0.0))
2025-10-15 11:12:35,558 - __main__ - INFO - Signal Change: Intersection 2: Red for 5s (Lower priority (score: 0.0))
2025-10-15 11:12:35,558 - __main__ - INFO - Signal Change: Intersection 3: Red for 5s (Lower priority (score: 0.0))
2025-10-15 11:12:38,038 - __main__ - INFO - Signal Change: Intersection 1: Green for 40s (Priority intersection (score: 0.9))
2025-10-15 11:12:38,039 - __main__ - INFO - Signal Change: Intersection 2: Red for 45s (Lower priority (score: 0.8))
2025-10-15 11:12:38,040 - __main__ - INFO - Signal Change: Intersection 3: Red for 45s (Lower priority (score: 0.8))
2025-10-15 11:12:40,559 - __main__ - INFO - Signal Change: Intersection 1: Green for 25s (Priority intersection (score: 0.0))
2025-10-15 11:12:40,560 - __main__ - INFO - Signal Change: Intersection 2: Red for 5s (Lower priority (score: 0.0))
2025-10-15 11:12:40,560 - __main__ - INFO - Signal Change: Intersection 3: Red for 5s (Lower priority (score: 0.0))
2025-10-15 11:12:43,041 - __main__ - INFO - Signal Change: Intersection 1: Green for 40s (Priority intersection (score: 0.7))
2025-10-15 11:12:43,042 - __main__ - INFO - Signal Change: Intersection 2: Red for 31s (Lower priority (score: 0.1))
2025-10-15 11:12:43,042 - __main__ - INFO - Signal Change: Intersection 3: Red for 31s (Lower priority (score: 0.1))
2025-10-15 11:12:45,561 - __main__ - INFO - Signal Change: Intersection 1: Green for 25s (Priority intersection (score: 0.0))
2025-10-15 11:12:45,561 - __main__ - INFO - Signal Change: Intersection 2: Red for 5s (Lower priority (score: 0.0))
2025-10-15 11:12:45,561 - __main__ - INFO - Signal Change: Intersection 3: Red for 5s (Lower priority (score: 0.0))
2025-10-15 11:12:48,042 - __main__ - INFO - Signal Change: Intersection 1: Yellow for 3s (Transition to Red)
2025-10-15 11:12:48,043 - __main__ - INFO - Signal Change: Intersection 2: Yellow for 3s (Transition to Green)
2025-10-15 11:12:48,043 - __main__ - INFO - Signal Change: Intersection 3: Red for 45s (Lower priority (score: 0.9))
2025-10-15 11:12:50,562 - __main__ - INFO - Signal Change: Intersection 1: Green for 25s (Priority intersection (score: 0.0))
2025-10-15 11:12:50,562 - __main__ - INFO - Signal Change: Intersection 2: Red for 5s (Lower priority (score: 0.0))
2025-10-15 11:12:50,562 - __main__ - INFO - Signal Change: Intersection 3: Red for 5s (Lower priority (score: 0.0))
2025-10-15 11:12:53,043 - __main__ - INFO - Signal Change: Intersection 1: Red for 29s (Lower priority (score: 0.1))
2025-10-15 11:12:53,044 - __main__ - INFO - Signal Change: Intersection 2: Green for 40s (Priority intersection (score: 0.7))
2025-10-15 11:12:53,044 - __main__ - INFO - Signal Change: Intersection 3: Red for 35s (Lower priority (score: 0.7))
2025-10-15 11:12:55,563 - __main__ - INFO - Signal Change: Intersection 1: Green for 25s (Priority intersection (score: 0.0))
2025-10-15 11:12:55,563 - __main__ - INFO - Signal Change: Intersection 2: Red for 5s (Lower priority (score: 0.0))
2025-10-15 11:12:55,564 - __main__ - INFO - Signal Change: Intersection 3: Red for 5s (Lower priority (score: 0.0))
2025-10-15 11:12:58,045 - __main__ - INFO - Signal Change: Intersection 1: Yellow for 3s (Transition to Green)
2025-10-15 11:12:58,045 - __main__ - INFO - Signal Change: Intersection 2: Yellow for 3s (Transition to Red)
2025-10-15 11:12:58,045 - __main__ - INFO - Signal Change: Intersection 3: Red for 45s (Lower priority (score: 0.8))
2025-10-15 11:13:00,564 - __main__ - INFO - Signal Change: Intersection 1: Green for 25s (Priority intersection (score: 0.0))
2025-10-15 11:13:00,564 - __main__ - INFO - Signal Change: Intersection 2: Red for 5s (Lower priority (score: 0.0))
2025-10-15 11:13:00,565 - __main__ - INFO - Signal Change: Intersection 3: Red for 5s (Lower priority (score: 0.0))
2025-10-15 11:13:03,046 - __main__ - INFO - Signal Change: Intersection 1: Red for 33s (Lower priority (score: 0.1))
2025-10-15 11:13:03,046 - __main__ - INFO - Signal Change: Intersection 2: Red for 29s (Lower priority (score: 0.1))
2025-10-15 11:13:03,046 - __main__ - INFO - Signal Change: Intersection 3: Yellow for 3s (Transition to Green)
2025-10-15 11:13:05,565 - __main__ - INFO - Signal Change: Intersection 1: Green for 25s (Priority intersection (score: 0.0))
2025-10-15 11:13:05,566 - __main__ - INFO - Signal Change: Intersection 2: Red for 5s (Lower priority (score: 0.0))
2025-10-15 11:13:05,566 - __main__ - INFO - Signal Change: Intersection 3: Red for 5s (Lower priority (score: 0.0))
2025-10-15 11:13:08,047 - __main__ - INFO - Signal Change: Intersection 1: Red for 45s (Lower priority (score: 0.8))
2025-10-15 11:13:08,048 - __main__ - INFO - Signal Change: Intersection 2: Yellow for 3s (Transition to Green)
2025-10-15 11:13:08,048 - __main__ - INFO - Signal Change: Intersection 3: Red for 45s (Lower priority (score: 0.9))
2025-10-15 11:13:10,566 - __main__ - INFO - Signal Change: Intersection 1: Green for 25s (Priority intersection (score: 0.0))
2025-10-15 11:13:10,567 - __main__ - INFO - Signal Change: Intersection 2: Red for 5s (Lower priority (score: 0.0))
2025-10-15 11:13:10,567 - __main__ - INFO - Signal Change: Intersection 3: Red for 5s (Lower priority (score: 0.0))
2025-10-15 11:13:13,048 - __main__ - INFO - Signal Change: Intersection 1: Yellow for 3s (Transition to Green)
2025-10-15 11:13:13,049 - __main__ - INFO - Signal Change: Intersection 2: Red for 33s (Lower priority (score: 0.1))
2025-10-15 11:13:13,049 - __main__ - INFO - Signal Change: Intersection 3: Red for 33s (Lower priority (score: 0.1))
2025-10-15 11:13:15,567 - __main__ - INFO - Signal Change: Intersection 1: Green for 25s (Priority intersection (score: 0.0))
2025-10-15 11:13:15,568 - __main__ - INFO - Signal Change: Intersection 2: Red for 5s (Lower priority (score: 0.0))
2025-10-15 11:13:15,568 - __main__ - INFO - Signal Change: Intersection 3: Red for 5s (Lower priority (score: 0.0))
2025-10-15 11:13:18,050 - __main__ - INFO - Signal Change: Intersection 1: Green for 40s (Priority intersection (score: 0.8))
2025-10-15 11:13:18,050 - __main__ - INFO - Signal Change: Intersection 2: Red for 45s (Lower priority (score: 0.8))
2025-10-15 11:13:18,050 - __main__ - INFO - Signal Change: Intersection 3: Red for 45s (Lower priority (score: 0.8))
2025-10-15 11:13:20,568 - __main__ - INFO - Signal Change: Intersection 1: Green for 25s (Priority intersection (score: 0.0))
2025-10-15 11:13:20,569 - __main__ - INFO - Signal Change: Intersection 2: Red for 5s (Lower priority (score: 0.0))
2025-10-15 11:13:20,569 - __main__ - INFO - Signal Change: Intersection 3: Red for 5s (Lower priority (score: 0.0))
2025-10-15 11:13:23,051 - __main__ - INFO - Signal Change: Intersection 1: Yellow for 3s (Transition to Red)
2025-10-15 11:13:23,051 - __main__ - INFO - Signal Change: Intersection 2: Yellow for 3s (Transition to Green)
2025-10-15 11:13:23,051 - __main__ - INFO - Signal Change: Intersection 3: Red for 37s (Lower priority (score: 0.7))
2025-10-15 11:13:25,570 - __main__ - INFO - Signal Change: Intersection 1: Green for 25s (Priority intersection (score: 0.0))
2025-10-15 11:13:25,570 - __main__ - INFO - Signal Change: Intersection 2: Red for 5s (Lower priority (score: 0.0))
2025-10-15 11:13:25,570 - __main__ - INFO - Signal Change: Intersection 3: Red for 5s (Lower priority (score: 0.0))
2025-10-15 11:13:28,052 - __main__ - INFO - Signal Change: Intersection 1: Green for 40s (Priority intersection (score: 0.9))
2025-10-15 11:13:28,052 - __main__ - INFO - Signal Change: Intersection 2: Red for 45s (Lower priority (score: 0.8))
2025-10-15 11:13:28,053 - __main__ - INFO - Signal Change: Intersection 3: Red for 45s (Lower priority (score: 0.8))
2025-10-15 11:13:30,571 - __main__ - INFO - Signal Change: Intersection 1: Green for 25s (Priority intersection (score: 0.0))
2025-10-15 11:13:30,571 - __main__ - INFO - Signal Change: Intersection 2: Red for 5s (Lower priority (score: 0.0))
2025-10-15 11:13:30,572 - __main__ - INFO - Signal Change: Intersection 3: Red for 5s (Lower priority (score: 0.0))
2025-10-15 11:13:33,055 - __main__ - INFO - Signal Change: Intersection 1: Green for 40s (Priority intersection (score: 0.7))
2025-10-15 11:13:33,055 - __main__ - INFO - Signal Change: Intersection 2: Red for 31s (Lower priority (score: 0.1))
2025-10-15 11:13:33,056 - __main__ - INFO - Signal Change: Intersection 3: Red for 31s (Lower priority (score: 0.1))
2025-10-15 11:13:35,572 - __main__ - INFO - Signal Change: Intersection 1: Green for 25s (Priority intersection (score: 0.0))
2025-10-15 11:13:35,572 - __main__ - INFO - Signal Change: Intersection 2: Red for 5s (Lower priority (score: 0.0))
2025-10-15 11:13:35,573 - __main__ - INFO - Signal Change: Intersection 3: Red for 5s (Lower priority (score: 0.0))
2025-10-15 11:13:38,056 - __main__ - INFO - Signal Change: Intersection 1: Yellow for 3s (Transition to Red)
2025-10-15 11:13:38,056 - __main__ - INFO - Signal Change: Intersection 2: Yellow for 3s (Transition to Green)
2025-10-15 11:13:38,056 - __main__ - INFO - Signal Change: Intersection 3: Red for 45s (Lower priority (score: 0.9))
2025-10-15 11:13:40,573 - __main__ - INFO - Signal Change: Intersection 1: Green for 25s (Priority intersection (score: 0.0))
2025-10-15 11:13:40,573 - __main__ - INFO - Signal Change: Intersection 2: Red for 5s (Lower priority (score: 0.0))
2025-10-15 11:13:40,574 - __main__ - INFO - Signal Change: Intersection 3: Red for 5s (Lower priority (score: 0.0))
2025-10-15 11:13:43,057 - __main__ - INFO - Signal Change: Intersection 1: Red for 29s (Lower priority (score: 0.1))
2025-10-15 11:13:43,058 - __main__ - INFO - Signal Change: Intersection 2: Green for 40s (Priority intersection (score: 0.7))
2025-10-15 11:13:43,058 - __main__ - INFO - Signal Change: Intersection 3: Red for 35s (Lower priority (score: 0.7))
2025-10-15 11:13:45,574 - __main__ - INFO - Signal Change: Intersection 1: Green for 25s (Priority intersection (score: 0.0))
2025-10-15 11:13:45,574 - __main__ - INFO - Signal Change: Intersection 2: Red for 5s (Lower priority (score: 0.0))
2025-10-15 11:13:45,574 - __main__ - INFO - Signal Change: Intersection 3: Red for 5s (Lower priority (score: 0.0))
2025-10-15 11:13:48,058 - __main__ - INFO - Signal Change: Intersection 1: Yellow for 3s (Transition to Green)
2025-10-15 11:13:48,059 - __main__ - INFO - Signal Change: Intersection 2: Yellow for 3s (Transition to Red)
2025-10-15 11:13:48,059 - __main__ - INFO - Signal Change: Intersection 3: Red for 45s (Lower priority (score: 0.8))
2025-10-15 11:13:50,575 - __main__ - INFO - Signal Change: Intersection 1: Green for 25s (Priority intersection (score: 0.0))
2025-10-15 11:13:50,575 - __main__ - INFO - Signal Change: Intersection 2: Red for 5s (Lower priority (score: 0.0))
2025-10-15 11:13:50,576 - __main__ - INFO - Signal Change: Intersection 3: Red for 5s (Lower priority (score: 0.0))
2025-10-15 11:13:53,059 - __main__ - INFO - Signal Change: Intersection 1: Red for 33s (Lower priority (score: 0.1))
2025-10-15 11:13:53,060 - __main__ - INFO - Signal Change: Intersection 2: Red for 29s (Lower priority (score: 0.1))
2025-10-15 11:13:53,060 - __main__ - INFO - Signal Change: Intersection 3: Yellow for 3s (Transition to Green)
2025-10-15 11:13:55,576 - __main__ - INFO - Signal Change: Intersection 1: Green for 25s (Priority intersection (score: 0.0))
2025-10-15 11:13:55,576 - __main__ - INFO - Signal Change: Intersection 2: Red for 5s (Lower priority (score: 0.0))
2025-10-15 11:13:55,577 - __main__ - INFO - Signal Change: Intersection 3: Red for 5s (Lower priority (score: 0.0))
2025-10-15 11:13:58,060 - __main__ - INFO - Signal Change: Intersection 1: Red for 45s (Lower priority (score: 0.8))
2025-10-15 11:13:58,061 - __main__ - INFO - Signal Change: Intersection 2: Yellow for 3s (Transition to Green)
2025-10-15 11:13:58,061 - __main__ - INFO - Signal Change: Intersection 3: Red for 45s (Lower priority (score: 0.9))
2025-10-15 11:14:00,577 - __main__ - INFO - Signal Change: Intersection 1: Green for 25s (Priority intersection (score: 0.0))
2025-10-15 11:14:00,578 - __main__ - INFO - Signal Change: Intersection 2: Red for 5s (Lower priority (score: 0.0))
2025-10-15 11:14:00,578 - __main__ - INFO - Signal Change: Intersection 3: Red for 5s (Lower priority (score: 0.0))
2025-10-15 11:14:03,062 - __main__ - INFO - Signal Change: Intersection 1: Red for 27s (Lower priority (score: 0.1))
2025-10-15 11:14:03,062 - __main__ - INFO - Signal Change: Intersection 2: Green for 40s (Priority intersection (score: 0.7))
2025-10-15 11:14:03,062 - __main__ - INFO - Signal Change: Intersection 3: Red for 33s (Lower priority (score: 0.1))
2025-10-15 11:14:05,578 - __main__ - INFO - Signal Change: Intersection 1: Green for 25s (Priority intersection (score: 0.0))
2025-10-15 11:14:05,579 - __main__ - INFO - Signal Change: Intersection 2: Red for 5s (Lower priority (score: 0.0))
2025-10-15 11:14:05,579 - __main__ - INFO - Signal Change: Intersection 3: Red for 5s (Lower priority (score: 0.0))
2025-10-15 11:14:08,063 - __main__ - INFO - Signal Change: Intersection 1: Yellow for 3s (Transition to Green)
2025-10-15 11:14:08,064 - __main__ - INFO - Signal Change: Intersection 2: Yellow for 3s (Transition to Red)
2025-10-15 11:14:08,064 - __main__ - INFO - Signal Change: Intersection 3: Red for 45s (Lower priority (score: 0.8))
2025-10-15 11:14:10,579 - __main__ - INFO - Signal Change: Intersection 1: Green for 25s (Priority intersection (score: 0.0))
2025-10-15 11:14:10,579 - __main__ - INFO - Signal Change: Intersection 2: Red for 5s (Lower priority (score: 0.0))
2025-10-15 11:14:10,580 - __main__ - INFO - Signal Change: Intersection 3: Red for 5s (Lower priority (score: 0.0))
2025-10-15 11:14:13,065 - __main__ - INFO - Signal Change: Intersection 1: Red for 33s (Lower priority (score: 0.1))
2025-10-15 11:14:13,065 - __main__ - INFO - Signal Change: Intersection 2: Red for 31s (Lower priority (score: 0.1))
2025-10-15 11:14:13,065 - __main__ - INFO - Signal Change: Intersection 3: Yellow for 3s (Transition to Green)
2025-10-15 11:14:15,580 - __main__ - INFO - Signal Change: Intersection 1: Green for 25s (Priority intersection (score: 0.0))
2025-10-15 11:14:15,580 - __main__ - INFO - Signal Change: Intersection 2: Red for 5s (Lower priority (score: 0.0))
2025-10-15 11:14:15,580 - __main__ - INFO - Signal Change: Intersection 3: Red for 5s (Lower priority (score: 0.0))
2025-10-15 11:14:18,066 - __main__ - INFO - Signal Change: Intersection 1: Red for 45s (Lower priority (score: 0.8))
2025-10-15 11:14:18,066 - __main__ - INFO - Signal Change: Intersection 2: Yellow for 3s (Transition to Green)
2025-10-15 11:14:18,066 - __main__ - INFO - Signal Change: Intersection 3: Red for 45s (Lower priority (score: 0.8))
2025-10-15 11:14:20,581 - __main__ - INFO - Signal Change: Intersection 1: Green for 25s (Priority intersection (score: 0.0))
2025-10-15 11:14:20,582 - __main__ - INFO - Signal Change: Intersection 2: Red for 5s (Lower priority (score: 0.0))
2025-10-15 11:14:20,582 - __main__ - INFO - Signal Change: Intersection 3: Red for 5s (Lower priority (score: 0.0))
2025-10-15 11:14:23,067 - __main__ - INFO - Signal Change: Intersection 1: Yellow for 3s (Transition to Green)
2025-10-15 11:14:23,067 - __main__ - INFO - Signal Change: Intersection 2: Red for 35s (Lower priority (score: 0.7))
2025-10-15 11:14:23,068 - __main__ - INFO - Signal Change: Intersection 3: Red for 31s (Lower priority (score: 0.1))
2025-10-15 11:14:25,583 - __main__ - INFO - Signal Change: Intersection 1: Green for 25s (Priority intersection (score: 0.0))
2025-10-15 11:14:25,583 - __main__ - INFO - Signal Change: Intersection 2: Red for 5s (Lower priority (score: 0.0))
2025-10-15 11:14:25,583 - __main__ - INFO - Signal Change: Intersection 3: Red for 5s (Lower priority (score: 0.0))
2025-10-15 11:14:28,068 - __main__ - INFO - Signal Change: Intersection 1: Red for 45s (Lower priority (score: 0.8))
2025-10-15 11:14:28,069 - __main__ - INFO - Signal Change: Intersection 2: Red for 45s (Lower priority (score: 0.8))
2025-10-15 11:14:28,069 - __main__ - INFO - Signal Change: Intersection 3: Yellow for 3s (Transition to Green)
2025-10-15 11:14:30,584 - __main__ - INFO - Signal Change: Intersection 1: Green for 25s (Priority intersection (score: 0.0))
2025-10-15 11:14:30,584 - __main__ - INFO - Signal Change: Intersection 2: Red for 5s (Lower priority (score: 0.0))
2025-10-15 11:14:30,584 - __main__ - INFO - Signal Change: Intersection 3: Red for 5s (Lower priority (score: 0.0))
2025-10-15 11:14:33,069 - __main__ - INFO - Signal Change: Intersection 1: Red for 31s (Lower priority (score: 0.1))
2025-10-15 11:14:33,070 - __main__ - INFO - Signal Change: Intersection 2: Yellow for 3s (Transition to Green)
2025-10-15 11:14:33,070 - __main__ - INFO - Signal Change: Intersection 3: Red for 35s (Lower priority (score: 0.7))
2025-10-15 11:14:35,585 - __main__ - INFO - Signal Change: Intersection 1: Green for 25s (Priority intersection (score: 0.0))
2025-10-15 11:14:35,585 - __main__ - INFO - Signal Change: Intersection 2: Red for 5s (Lower priority (score: 0.0))
2025-10-15 11:14:35,585 - __main__ - INFO - Signal Change: Intersection 3: Red for 5s (Lower priority (score: 0.0))
2025-10-15 11:14:38,070 - __main__ - INFO - Signal Change: Intersection 1: Yellow for 3s (Transition to Green)
2025-10-15 11:14:38,071 - __main__ - INFO - Signal Change: Intersection 2: Red for 45s (Lower priority (score: 0.9))
2025-10-15 11:14:38,071 - __main__ - INFO - Signal Change: Intersection 3: Red for 45s (Lower priority (score: 0.8))
2025-10-15 11:14:40,586 - __main__ - INFO - Signal Change: Intersection 1: Green for 25s (Priority intersection (score: 0.0))
2025-10-15 11:14:40,587 - __main__ - INFO - Signal Change: Intersection 2: Red for 5s (Lower priority (score: 0.0))
2025-10-15 11:14:40,587 - __main__ - INFO - Signal Change: Intersection 3: Red for 5s (Lower priority (score: 0.0))
2025-10-15 11:14:43,072 - __main__ - INFO - Signal Change: Intersection 1: Green for 40s (Priority intersection (score: 0.7))
2025-10-15 11:14:43,072 - __main__ - INFO - Signal Change: Intersection 2: Red for 33s (Lower priority (score: 0.1))
2025-10-15 11:14:43,073 - __main__ - INFO - Signal Change: Intersection 3: Red for 29s (Lower priority (score: 0.1))
2025-10-15 11:14:45,587 - __main__ - INFO - Signal Change: Intersection 1: Green for 25s (Priority intersection (score: 0.0))
2025-10-15 11:14:45,588 - __main__ - INFO - Signal Change: Intersection 2: Red for 5s (Lower priority (score: 0.0))
2025-10-15 11:14:45,588 - __main__ - INFO - Signal Change: Intersection 3: Red for 5s (Lower priority (score: 0.0))
2025-10-15 11:14:48,074 - __main__ - INFO - Signal Change: Intersection 1: Yellow for 3s (Transition to Red)
2025-10-15 11:14:48,074 - __main__ - INFO - Signal Change: Intersection 2: Red for 45s (Lower priority (score: 0.8))
2025-10-15 11:14:48,075 - __main__ - INFO - Signal Change: Intersection 3: Yellow for 3s (Transition to Green)
2025-10-15 11:14:50,588 - __main__ - INFO - Signal Change: Intersection 1: Green for 25s (Priority intersection (score: 0.0))
2025-10-15 11:14:50,588 - __main__ - INFO - Signal Change: Intersection 2: Red for 5s (Lower priority (score: 0.0))
2025-10-15 11:14:50,589 - __main__ - INFO - Signal Change: Intersection 3: Red for 5s (Lower priority (score: 0.0))
